00:29:46 | output_folder is: ./dump/outputs_2023-01-02 - 19-35-44/
00:29:46 | Using device: cuda:0
00:29:48 | Using all metadata
00:29:48 | loaded metadata
00:29:48 | loading images
00:29:48 | Loading images from images.pt file
00:29:57 | loaded images
00:30:14 | model is of type SparseVAEGAN
00:30:14 | model parameters are: {'num_epochs': 50, 'batch_size': 64, 'learning_rate': 0.001, 'weight_decay': 0.001, 'image_shape': array([ 3, 68, 68]), 'latent_features': 256, 'model_type': 'SparseVAEGAN', 'alpha': 0.1, 'beta': 1.0, 'p_norm': 2.0}
00:30:14 | Starting downstream tasks
00:30:15 | Extract a few images
00:30:20 | saved images
00:30:20 | Calculate latent representation for all images
00:30:21 | Profiling 0/476 batches of size 1024
00:30:21 | Profiling 1/476 batches of size 1024
00:30:21 | Profiling 2/476 batches of size 1024
00:30:21 | Profiling 3/476 batches of size 1024
00:30:21 | Profiling 4/476 batches of size 1024
00:30:21 | Profiling 5/476 batches of size 1024
00:30:21 | Profiling 6/476 batches of size 1024
00:30:22 | Profiling 7/476 batches of size 1024
00:30:22 | Profiling 8/476 batches of size 1024
00:30:22 | Profiling 9/476 batches of size 1024
00:30:22 | Profiling 10/476 batches of size 1024
00:30:22 | Profiling 11/476 batches of size 1024
00:30:22 | Profiling 12/476 batches of size 1024
00:30:22 | Profiling 13/476 batches of size 1024
00:30:22 | Profiling 14/476 batches of size 1024
00:30:22 | Profiling 15/476 batches of size 1024
00:30:22 | Profiling 16/476 batches of size 1024
00:30:22 | Profiling 17/476 batches of size 1024
00:30:22 | Profiling 18/476 batches of size 1024
00:30:22 | Profiling 19/476 batches of size 1024
00:30:22 | Profiling 20/476 batches of size 1024
00:30:22 | Profiling 21/476 batches of size 1024
00:30:22 | Profiling 22/476 batches of size 1024
00:30:22 | Profiling 23/476 batches of size 1024
00:30:22 | Profiling 24/476 batches of size 1024
00:30:23 | Profiling 25/476 batches of size 1024
00:30:23 | Profiling 26/476 batches of size 1024
00:30:23 | Profiling 27/476 batches of size 1024
00:30:23 | Profiling 28/476 batches of size 1024
00:30:23 | Profiling 29/476 batches of size 1024
00:30:23 | Profiling 30/476 batches of size 1024
00:30:23 | Profiling 31/476 batches of size 1024
00:30:23 | Profiling 32/476 batches of size 1024
00:30:23 | Profiling 33/476 batches of size 1024
00:30:23 | Profiling 34/476 batches of size 1024
00:30:23 | Profiling 35/476 batches of size 1024
00:30:23 | Profiling 36/476 batches of size 1024
00:30:23 | Profiling 37/476 batches of size 1024
00:30:23 | Profiling 38/476 batches of size 1024
00:30:24 | Profiling 39/476 batches of size 1024
00:30:24 | Profiling 40/476 batches of size 1024
00:30:24 | Profiling 41/476 batches of size 1024
00:30:24 | Profiling 42/476 batches of size 1024
00:30:24 | Profiling 43/476 batches of size 1024
00:30:24 | Profiling 44/476 batches of size 1024
00:30:24 | Profiling 45/476 batches of size 1024
00:30:24 | Profiling 46/476 batches of size 1024
00:30:24 | Profiling 47/476 batches of size 1024
00:30:24 | Profiling 48/476 batches of size 1024
00:30:24 | Profiling 49/476 batches of size 1024
00:30:24 | Profiling 50/476 batches of size 1024
00:30:25 | Profiling 51/476 batches of size 1024
00:30:25 | Profiling 52/476 batches of size 1024
00:30:25 | Profiling 53/476 batches of size 1024
00:30:25 | Profiling 54/476 batches of size 1024
00:30:25 | Profiling 55/476 batches of size 1024
00:30:25 | Profiling 56/476 batches of size 1024
00:30:25 | Profiling 57/476 batches of size 1024
00:30:25 | Profiling 58/476 batches of size 1024
00:30:25 | Profiling 59/476 batches of size 1024
00:30:25 | Profiling 60/476 batches of size 1024
00:30:26 | Profiling 61/476 batches of size 1024
00:30:26 | Profiling 62/476 batches of size 1024
00:30:26 | Profiling 63/476 batches of size 1024
00:30:26 | Profiling 64/476 batches of size 1024
00:30:26 | Profiling 65/476 batches of size 1024
00:30:26 | Profiling 66/476 batches of size 1024
00:30:26 | Profiling 67/476 batches of size 1024
00:30:26 | Profiling 68/476 batches of size 1024
00:30:26 | Profiling 69/476 batches of size 1024
00:30:27 | Profiling 70/476 batches of size 1024
00:30:27 | Profiling 71/476 batches of size 1024
00:30:27 | Profiling 72/476 batches of size 1024
00:30:27 | Profiling 73/476 batches of size 1024
00:30:27 | Profiling 74/476 batches of size 1024
00:30:27 | Profiling 75/476 batches of size 1024
00:30:27 | Profiling 76/476 batches of size 1024
00:30:27 | Profiling 77/476 batches of size 1024
00:30:28 | Profiling 78/476 batches of size 1024
00:30:28 | Profiling 79/476 batches of size 1024
00:30:28 | Profiling 80/476 batches of size 1024
00:30:28 | Profiling 81/476 batches of size 1024
00:30:28 | Profiling 82/476 batches of size 1024
00:30:28 | Profiling 83/476 batches of size 1024
00:30:28 | Profiling 84/476 batches of size 1024
00:30:29 | Profiling 85/476 batches of size 1024
00:30:29 | Profiling 86/476 batches of size 1024
00:30:29 | Profiling 87/476 batches of size 1024
00:30:29 | Profiling 88/476 batches of size 1024
00:30:29 | Profiling 89/476 batches of size 1024
00:30:29 | Profiling 90/476 batches of size 1024
00:30:29 | Profiling 91/476 batches of size 1024
00:30:30 | Profiling 92/476 batches of size 1024
00:30:30 | Profiling 93/476 batches of size 1024
00:30:30 | Profiling 94/476 batches of size 1024
00:30:30 | Profiling 95/476 batches of size 1024
00:30:30 | Profiling 96/476 batches of size 1024
00:30:30 | Profiling 97/476 batches of size 1024
00:30:30 | Profiling 98/476 batches of size 1024
00:30:31 | Profiling 99/476 batches of size 1024
00:30:31 | Profiling 100/476 batches of size 1024
00:30:31 | Profiling 101/476 batches of size 1024
00:30:31 | Profiling 102/476 batches of size 1024
00:30:31 | Profiling 103/476 batches of size 1024
00:30:31 | Profiling 104/476 batches of size 1024
00:30:31 | Profiling 105/476 batches of size 1024
00:30:32 | Profiling 106/476 batches of size 1024
00:30:32 | Profiling 107/476 batches of size 1024
00:30:32 | Profiling 108/476 batches of size 1024
00:30:32 | Profiling 109/476 batches of size 1024
00:30:32 | Profiling 110/476 batches of size 1024
00:30:32 | Profiling 111/476 batches of size 1024
00:30:33 | Profiling 112/476 batches of size 1024
00:30:33 | Profiling 113/476 batches of size 1024
00:30:33 | Profiling 114/476 batches of size 1024
00:30:33 | Profiling 115/476 batches of size 1024
00:30:33 | Profiling 116/476 batches of size 1024
00:30:33 | Profiling 117/476 batches of size 1024
00:30:34 | Profiling 118/476 batches of size 1024
00:30:34 | Profiling 119/476 batches of size 1024
00:30:34 | Profiling 120/476 batches of size 1024
00:30:34 | Profiling 121/476 batches of size 1024
00:30:34 | Profiling 122/476 batches of size 1024
00:30:35 | Profiling 123/476 batches of size 1024
00:30:35 | Profiling 124/476 batches of size 1024
00:30:35 | Profiling 125/476 batches of size 1024
00:30:35 | Profiling 126/476 batches of size 1024
00:30:35 | Profiling 127/476 batches of size 1024
00:30:35 | Profiling 128/476 batches of size 1024
00:30:36 | Profiling 129/476 batches of size 1024
00:30:36 | Profiling 130/476 batches of size 1024
00:30:36 | Profiling 131/476 batches of size 1024
00:30:36 | Profiling 132/476 batches of size 1024
00:30:36 | Profiling 133/476 batches of size 1024
00:30:37 | Profiling 134/476 batches of size 1024
00:30:37 | Profiling 135/476 batches of size 1024
00:30:37 | Profiling 136/476 batches of size 1024
00:30:37 | Profiling 137/476 batches of size 1024
00:30:37 | Profiling 138/476 batches of size 1024
00:30:38 | Profiling 139/476 batches of size 1024
00:30:38 | Profiling 140/476 batches of size 1024
00:30:38 | Profiling 141/476 batches of size 1024
00:30:38 | Profiling 142/476 batches of size 1024
00:30:38 | Profiling 143/476 batches of size 1024
00:30:39 | Profiling 144/476 batches of size 1024
00:30:39 | Profiling 145/476 batches of size 1024
00:30:39 | Profiling 146/476 batches of size 1024
00:30:39 | Profiling 147/476 batches of size 1024
00:30:39 | Profiling 148/476 batches of size 1024
00:30:40 | Profiling 149/476 batches of size 1024
00:30:40 | Profiling 150/476 batches of size 1024
00:30:40 | Profiling 151/476 batches of size 1024
00:30:40 | Profiling 152/476 batches of size 1024
00:30:40 | Profiling 153/476 batches of size 1024
00:30:41 | Profiling 154/476 batches of size 1024
00:30:41 | Profiling 155/476 batches of size 1024
00:30:41 | Profiling 156/476 batches of size 1024
00:30:41 | Profiling 157/476 batches of size 1024
00:30:42 | Profiling 158/476 batches of size 1024
00:30:42 | Profiling 159/476 batches of size 1024
00:30:42 | Profiling 160/476 batches of size 1024
00:30:42 | Profiling 161/476 batches of size 1024
00:30:42 | Profiling 162/476 batches of size 1024
00:30:43 | Profiling 163/476 batches of size 1024
00:30:43 | Profiling 164/476 batches of size 1024
00:30:43 | Profiling 165/476 batches of size 1024
00:30:43 | Profiling 166/476 batches of size 1024
00:30:44 | Profiling 167/476 batches of size 1024
00:30:44 | Profiling 168/476 batches of size 1024
00:30:44 | Profiling 169/476 batches of size 1024
00:30:44 | Profiling 170/476 batches of size 1024
00:30:45 | Profiling 171/476 batches of size 1024
00:30:45 | Profiling 172/476 batches of size 1024
00:30:45 | Profiling 173/476 batches of size 1024
00:30:45 | Profiling 174/476 batches of size 1024
00:30:45 | Profiling 175/476 batches of size 1024
00:30:46 | Profiling 176/476 batches of size 1024
00:30:46 | Profiling 177/476 batches of size 1024
00:30:46 | Profiling 178/476 batches of size 1024
00:30:46 | Profiling 179/476 batches of size 1024
00:30:47 | Profiling 180/476 batches of size 1024
00:30:47 | Profiling 181/476 batches of size 1024
00:30:47 | Profiling 182/476 batches of size 1024
00:30:47 | Profiling 183/476 batches of size 1024
00:30:48 | Profiling 184/476 batches of size 1024
00:30:48 | Profiling 185/476 batches of size 1024
00:30:48 | Profiling 186/476 batches of size 1024
00:30:48 | Profiling 187/476 batches of size 1024
00:30:49 | Profiling 188/476 batches of size 1024
00:30:49 | Profiling 189/476 batches of size 1024
00:30:49 | Profiling 190/476 batches of size 1024
00:30:49 | Profiling 191/476 batches of size 1024
00:30:50 | Profiling 192/476 batches of size 1024
00:30:50 | Profiling 193/476 batches of size 1024
00:30:50 | Profiling 194/476 batches of size 1024
00:30:51 | Profiling 195/476 batches of size 1024
00:30:51 | Profiling 196/476 batches of size 1024
00:30:51 | Profiling 197/476 batches of size 1024
00:30:51 | Profiling 198/476 batches of size 1024
00:30:52 | Profiling 199/476 batches of size 1024
00:30:52 | Profiling 200/476 batches of size 1024
00:30:52 | Profiling 201/476 batches of size 1024
00:30:52 | Profiling 202/476 batches of size 1024
00:30:53 | Profiling 203/476 batches of size 1024
00:30:53 | Profiling 204/476 batches of size 1024
00:30:53 | Profiling 205/476 batches of size 1024
00:30:53 | Profiling 206/476 batches of size 1024
00:30:54 | Profiling 207/476 batches of size 1024
00:30:54 | Profiling 208/476 batches of size 1024
00:30:54 | Profiling 209/476 batches of size 1024
00:30:55 | Profiling 210/476 batches of size 1024
00:30:55 | Profiling 211/476 batches of size 1024
00:30:55 | Profiling 212/476 batches of size 1024
00:30:55 | Profiling 213/476 batches of size 1024
00:30:56 | Profiling 214/476 batches of size 1024
00:30:56 | Profiling 215/476 batches of size 1024
00:30:56 | Profiling 216/476 batches of size 1024
00:30:57 | Profiling 217/476 batches of size 1024
00:30:57 | Profiling 218/476 batches of size 1024
00:30:57 | Profiling 219/476 batches of size 1024
00:30:57 | Profiling 220/476 batches of size 1024
00:30:58 | Profiling 221/476 batches of size 1024
00:30:58 | Profiling 222/476 batches of size 1024
00:30:58 | Profiling 223/476 batches of size 1024
00:30:59 | Profiling 224/476 batches of size 1024
00:30:59 | Profiling 225/476 batches of size 1024
00:30:59 | Profiling 226/476 batches of size 1024
00:31:00 | Profiling 227/476 batches of size 1024
00:31:00 | Profiling 228/476 batches of size 1024
00:31:00 | Profiling 229/476 batches of size 1024
00:31:00 | Profiling 230/476 batches of size 1024
00:31:01 | Profiling 231/476 batches of size 1024
00:31:01 | Profiling 232/476 batches of size 1024
00:31:01 | Profiling 233/476 batches of size 1024
00:31:02 | Profiling 234/476 batches of size 1024
00:31:02 | Profiling 235/476 batches of size 1024
00:31:02 | Profiling 236/476 batches of size 1024
00:31:03 | Profiling 237/476 batches of size 1024
00:31:03 | Profiling 238/476 batches of size 1024
00:31:03 | Profiling 239/476 batches of size 1024
00:31:04 | Profiling 240/476 batches of size 1024
00:31:04 | Profiling 241/476 batches of size 1024
00:31:04 | Profiling 242/476 batches of size 1024
00:31:05 | Profiling 243/476 batches of size 1024
00:31:05 | Profiling 244/476 batches of size 1024
00:31:05 | Profiling 245/476 batches of size 1024
00:31:05 | Profiling 246/476 batches of size 1024
00:31:06 | Profiling 247/476 batches of size 1024
00:31:06 | Profiling 248/476 batches of size 1024
00:31:06 | Profiling 249/476 batches of size 1024
00:31:07 | Profiling 250/476 batches of size 1024
00:31:07 | Profiling 251/476 batches of size 1024
00:31:07 | Profiling 252/476 batches of size 1024
00:31:08 | Profiling 253/476 batches of size 1024
00:31:08 | Profiling 254/476 batches of size 1024
00:31:08 | Profiling 255/476 batches of size 1024
00:31:09 | Profiling 256/476 batches of size 1024
00:31:09 | Profiling 257/476 batches of size 1024
00:31:09 | Profiling 258/476 batches of size 1024
00:31:10 | Profiling 259/476 batches of size 1024
00:31:10 | Profiling 260/476 batches of size 1024
00:31:10 | Profiling 261/476 batches of size 1024
00:31:11 | Profiling 262/476 batches of size 1024
00:31:11 | Profiling 263/476 batches of size 1024
00:31:12 | Profiling 264/476 batches of size 1024
00:31:12 | Profiling 265/476 batches of size 1024
00:31:12 | Profiling 266/476 batches of size 1024
00:31:13 | Profiling 267/476 batches of size 1024
00:31:13 | Profiling 268/476 batches of size 1024
00:31:13 | Profiling 269/476 batches of size 1024
00:31:14 | Profiling 270/476 batches of size 1024
00:31:14 | Profiling 271/476 batches of size 1024
00:31:14 | Profiling 272/476 batches of size 1024
00:31:15 | Profiling 273/476 batches of size 1024
00:31:15 | Profiling 274/476 batches of size 1024
00:31:15 | Profiling 275/476 batches of size 1024
00:31:16 | Profiling 276/476 batches of size 1024
00:31:16 | Profiling 277/476 batches of size 1024
00:31:16 | Profiling 278/476 batches of size 1024
00:31:17 | Profiling 279/476 batches of size 1024
00:31:17 | Profiling 280/476 batches of size 1024
00:31:18 | Profiling 281/476 batches of size 1024
00:31:18 | Profiling 282/476 batches of size 1024
00:31:18 | Profiling 283/476 batches of size 1024
00:31:19 | Profiling 284/476 batches of size 1024
00:31:19 | Profiling 285/476 batches of size 1024
00:31:19 | Profiling 286/476 batches of size 1024
00:31:20 | Profiling 287/476 batches of size 1024
00:31:20 | Profiling 288/476 batches of size 1024
00:31:21 | Profiling 289/476 batches of size 1024
00:31:21 | Profiling 290/476 batches of size 1024
00:31:21 | Profiling 291/476 batches of size 1024
00:31:22 | Profiling 292/476 batches of size 1024
00:31:22 | Profiling 293/476 batches of size 1024
00:31:22 | Profiling 294/476 batches of size 1024
00:31:23 | Profiling 295/476 batches of size 1024
00:31:23 | Profiling 296/476 batches of size 1024
00:31:24 | Profiling 297/476 batches of size 1024
00:31:24 | Profiling 298/476 batches of size 1024
00:31:24 | Profiling 299/476 batches of size 1024
00:31:25 | Profiling 300/476 batches of size 1024
00:31:25 | Profiling 301/476 batches of size 1024
00:31:26 | Profiling 302/476 batches of size 1024
00:31:26 | Profiling 303/476 batches of size 1024
00:31:26 | Profiling 304/476 batches of size 1024
00:31:27 | Profiling 305/476 batches of size 1024
00:31:27 | Profiling 306/476 batches of size 1024
00:31:27 | Profiling 307/476 batches of size 1024
00:31:28 | Profiling 308/476 batches of size 1024
00:31:28 | Profiling 309/476 batches of size 1024
00:31:29 | Profiling 310/476 batches of size 1024
00:31:29 | Profiling 311/476 batches of size 1024
00:31:29 | Profiling 312/476 batches of size 1024
00:31:30 | Profiling 313/476 batches of size 1024
00:31:30 | Profiling 314/476 batches of size 1024
00:31:31 | Profiling 315/476 batches of size 1024
00:31:31 | Profiling 316/476 batches of size 1024
00:31:31 | Profiling 317/476 batches of size 1024
00:31:32 | Profiling 318/476 batches of size 1024
00:31:32 | Profiling 319/476 batches of size 1024
00:31:33 | Profiling 320/476 batches of size 1024
00:31:33 | Profiling 321/476 batches of size 1024
00:31:34 | Profiling 322/476 batches of size 1024
00:31:34 | Profiling 323/476 batches of size 1024
00:31:34 | Profiling 324/476 batches of size 1024
00:31:35 | Profiling 325/476 batches of size 1024
00:31:35 | Profiling 326/476 batches of size 1024
00:31:36 | Profiling 327/476 batches of size 1024
00:31:36 | Profiling 328/476 batches of size 1024
00:31:36 | Profiling 329/476 batches of size 1024
00:31:37 | Profiling 330/476 batches of size 1024
00:31:37 | Profiling 331/476 batches of size 1024
00:31:38 | Profiling 332/476 batches of size 1024
00:31:38 | Profiling 333/476 batches of size 1024
00:31:39 | Profiling 334/476 batches of size 1024
00:31:39 | Profiling 335/476 batches of size 1024
00:31:39 | Profiling 336/476 batches of size 1024
00:31:40 | Profiling 337/476 batches of size 1024
00:31:40 | Profiling 338/476 batches of size 1024
00:31:41 | Profiling 339/476 batches of size 1024
00:31:41 | Profiling 340/476 batches of size 1024
00:31:42 | Profiling 341/476 batches of size 1024
00:31:42 | Profiling 342/476 batches of size 1024
00:31:42 | Profiling 343/476 batches of size 1024
00:31:43 | Profiling 344/476 batches of size 1024
00:31:43 | Profiling 345/476 batches of size 1024
00:31:44 | Profiling 346/476 batches of size 1024
00:31:44 | Profiling 347/476 batches of size 1024
00:31:45 | Profiling 348/476 batches of size 1024
00:31:45 | Profiling 349/476 batches of size 1024
00:31:46 | Profiling 350/476 batches of size 1024
00:31:46 | Profiling 351/476 batches of size 1024
00:31:46 | Profiling 352/476 batches of size 1024
00:31:47 | Profiling 353/476 batches of size 1024
00:31:47 | Profiling 354/476 batches of size 1024
00:31:48 | Profiling 355/476 batches of size 1024
00:31:48 | Profiling 356/476 batches of size 1024
00:31:49 | Profiling 357/476 batches of size 1024
00:31:49 | Profiling 358/476 batches of size 1024
00:31:50 | Profiling 359/476 batches of size 1024
00:31:50 | Profiling 360/476 batches of size 1024
00:31:51 | Profiling 361/476 batches of size 1024
00:31:51 | Profiling 362/476 batches of size 1024
00:31:51 | Profiling 363/476 batches of size 1024
00:31:52 | Profiling 364/476 batches of size 1024
00:31:52 | Profiling 365/476 batches of size 1024
00:31:53 | Profiling 366/476 batches of size 1024
00:31:53 | Profiling 367/476 batches of size 1024
00:31:54 | Profiling 368/476 batches of size 1024
00:31:54 | Profiling 369/476 batches of size 1024
00:31:55 | Profiling 370/476 batches of size 1024
00:31:55 | Profiling 371/476 batches of size 1024
00:31:56 | Profiling 372/476 batches of size 1024
00:31:56 | Profiling 373/476 batches of size 1024
00:31:57 | Profiling 374/476 batches of size 1024
00:31:57 | Profiling 375/476 batches of size 1024
00:31:58 | Profiling 376/476 batches of size 1024
00:31:58 | Profiling 377/476 batches of size 1024
00:31:58 | Profiling 378/476 batches of size 1024
00:31:59 | Profiling 379/476 batches of size 1024
00:31:59 | Profiling 380/476 batches of size 1024
00:32:00 | Profiling 381/476 batches of size 1024
00:32:00 | Profiling 382/476 batches of size 1024
00:32:01 | Profiling 383/476 batches of size 1024
00:32:01 | Profiling 384/476 batches of size 1024
00:32:02 | Profiling 385/476 batches of size 1024
00:32:02 | Profiling 386/476 batches of size 1024
00:32:03 | Profiling 387/476 batches of size 1024
00:32:03 | Profiling 388/476 batches of size 1024
00:32:04 | Profiling 389/476 batches of size 1024
00:32:04 | Profiling 390/476 batches of size 1024
00:32:05 | Profiling 391/476 batches of size 1024
00:32:05 | Profiling 392/476 batches of size 1024
00:32:06 | Profiling 393/476 batches of size 1024
00:32:06 | Profiling 394/476 batches of size 1024
00:32:07 | Profiling 395/476 batches of size 1024
00:32:07 | Profiling 396/476 batches of size 1024
00:32:08 | Profiling 397/476 batches of size 1024
00:32:08 | Profiling 398/476 batches of size 1024
00:32:09 | Profiling 399/476 batches of size 1024
00:32:09 | Profiling 400/476 batches of size 1024
00:32:10 | Profiling 401/476 batches of size 1024
00:32:10 | Profiling 402/476 batches of size 1024
00:32:11 | Profiling 403/476 batches of size 1024
00:32:11 | Profiling 404/476 batches of size 1024
00:32:12 | Profiling 405/476 batches of size 1024
00:32:12 | Profiling 406/476 batches of size 1024
00:32:13 | Profiling 407/476 batches of size 1024
00:32:13 | Profiling 408/476 batches of size 1024
00:32:14 | Profiling 409/476 batches of size 1024
00:32:14 | Profiling 410/476 batches of size 1024
00:32:15 | Profiling 411/476 batches of size 1024
00:32:15 | Profiling 412/476 batches of size 1024
00:32:16 | Profiling 413/476 batches of size 1024
00:32:16 | Profiling 414/476 batches of size 1024
00:32:17 | Profiling 415/476 batches of size 1024
00:32:17 | Profiling 416/476 batches of size 1024
00:32:18 | Profiling 417/476 batches of size 1024
00:32:18 | Profiling 418/476 batches of size 1024
00:32:19 | Profiling 419/476 batches of size 1024
00:32:19 | Profiling 420/476 batches of size 1024
00:32:20 | Profiling 421/476 batches of size 1024
00:32:21 | Profiling 422/476 batches of size 1024
00:32:21 | Profiling 423/476 batches of size 1024
00:32:22 | Profiling 424/476 batches of size 1024
00:32:22 | Profiling 425/476 batches of size 1024
00:32:23 | Profiling 426/476 batches of size 1024
00:32:23 | Profiling 427/476 batches of size 1024
00:32:24 | Profiling 428/476 batches of size 1024
00:32:24 | Profiling 429/476 batches of size 1024
00:32:25 | Profiling 430/476 batches of size 1024
00:32:25 | Profiling 431/476 batches of size 1024
00:32:26 | Profiling 432/476 batches of size 1024
00:32:26 | Profiling 433/476 batches of size 1024
00:32:27 | Profiling 434/476 batches of size 1024
00:32:27 | Profiling 435/476 batches of size 1024
00:32:28 | Profiling 436/476 batches of size 1024
00:32:29 | Profiling 437/476 batches of size 1024
00:32:29 | Profiling 438/476 batches of size 1024
00:32:30 | Profiling 439/476 batches of size 1024
00:32:30 | Profiling 440/476 batches of size 1024
00:32:31 | Profiling 441/476 batches of size 1024
00:32:31 | Profiling 442/476 batches of size 1024
00:32:32 | Profiling 443/476 batches of size 1024
00:32:32 | Profiling 444/476 batches of size 1024
00:32:33 | Profiling 445/476 batches of size 1024
00:32:34 | Profiling 446/476 batches of size 1024
00:32:34 | Profiling 447/476 batches of size 1024
00:32:35 | Profiling 448/476 batches of size 1024
00:32:35 | Profiling 449/476 batches of size 1024
00:32:36 | Profiling 450/476 batches of size 1024
00:32:36 | Profiling 451/476 batches of size 1024
00:32:37 | Profiling 452/476 batches of size 1024
00:32:37 | Profiling 453/476 batches of size 1024
00:32:38 | Profiling 454/476 batches of size 1024
00:32:39 | Profiling 455/476 batches of size 1024
00:32:39 | Profiling 456/476 batches of size 1024
00:32:40 | Profiling 457/476 batches of size 1024
00:32:40 | Profiling 458/476 batches of size 1024
00:32:41 | Profiling 459/476 batches of size 1024
00:32:41 | Profiling 460/476 batches of size 1024
00:32:42 | Profiling 461/476 batches of size 1024
00:32:43 | Profiling 462/476 batches of size 1024
00:32:43 | Profiling 463/476 batches of size 1024
00:32:44 | Profiling 464/476 batches of size 1024
00:32:44 | Profiling 465/476 batches of size 1024
00:32:45 | Profiling 466/476 batches of size 1024
00:32:45 | Profiling 467/476 batches of size 1024
00:32:46 | Profiling 468/476 batches of size 1024
00:32:47 | Profiling 469/476 batches of size 1024
00:32:47 | Profiling 470/476 batches of size 1024
00:32:48 | Profiling 471/476 batches of size 1024
00:32:48 | Profiling 472/476 batches of size 1024
00:32:49 | Profiling 473/476 batches of size 1024
00:32:50 | Profiling 474/476 batches of size 1024
00:32:50 | Profiling 475/476 batches of size 1024
00:32:51 | Profiling 476/476 batches of size 972
00:32:51 | Done calculating latent space
00:32:51 | Plotting interpolations of reconstructions
00:32:51 | doing: ./dump/outputs_2023-01-02 - 19-35-44/interpolations/ALLN_100.0.png
00:33:01 | Plotting latent space heatmap
00:34:04 | Nearest neighbor classification (Not-Same-Compound)
00:34:09 | [[ 3.  0.  0.  0.  0.  0.  0.  1.  0.  0.  0.  1.  0.]
 [ 0. 11.  0.  0.  1.  0.  0.  0.  0.  0.  0.  0.  0.]
 [ 0.  0.  6.  0.  0.  0.  0.  0.  0.  0.  0.  0.  0.]
 [ 0.  0.  0.  0.  0.  0.  0.  0.  1.  0.  0.  0.  0.]
 [ 0.  0.  0.  0.  9.  0.  0.  0.  0.  0.  0.  0.  0.]
 [ 0.  0.  0.  0.  0.  7.  0.  0.  0.  0.  0.  1.  0.]
 [ 0.  0.  0.  0.  0.  0. 12.  0.  0.  0.  0.  0.  0.]
 [ 0.  0.  0.  0.  0.  0.  0.  8.  0.  0.  0.  0.  0.]
 [ 0.  0.  0.  0.  0.  0.  0.  0.  5.  0.  0.  0.  0.]
 [ 2.  0.  0.  0.  0.  0.  1.  0.  0. 10.  0.  1.  0.]
 [ 0.  0.  0.  0.  0.  0.  0.  0.  0.  0.  9.  0.  0.]
 [ 0.  0.  0.  0.  1.  1.  1.  0.  0.  0.  0.  4.  0.]
 [ 0.  0.  0.  0.  0.  0.  0.  0.  0.  0.  0.  0.  8.]]
00:34:09 | Model Accuracy: 88.46153846153847
00:34:09 | output_folder is: ./dump/outputs_2023-01-02 - 19-35-44/
00:34:09 | script done.
