21:20:15 | output_folder is: ./dump/outputs_2023-01-02 - 18-47-44/
21:20:15 | Using device: cuda:0
21:20:17 | Using all metadata
21:20:17 | loaded metadata
21:20:17 | loading images
21:20:17 | Loading images from images.pt file
21:20:36 | loaded images
21:20:55 | model is of type CytoVAE
21:20:55 | model parameters are: {'num_epochs': 50, 'batch_size': 64, 'learning_rate': 0.001, 'weight_decay': 0.001, 'image_shape': array([ 3, 68, 68]), 'latent_features': 256, 'model_type': 'CytoVAE', 'beta': 1.0, 'p_norm': 2.0}
21:20:55 | Starting downstream tasks
21:20:56 | Extract a few images
21:21:01 | saved images
21:21:01 | Calculate latent representation for all images
21:21:02 | Profiling 0/476 batches of size 1024
21:21:02 | Profiling 1/476 batches of size 1024
21:21:02 | Profiling 2/476 batches of size 1024
21:21:03 | Profiling 3/476 batches of size 1024
21:21:03 | Profiling 4/476 batches of size 1024
21:21:03 | Profiling 5/476 batches of size 1024
21:21:03 | Profiling 6/476 batches of size 1024
21:21:03 | Profiling 7/476 batches of size 1024
21:21:03 | Profiling 8/476 batches of size 1024
21:21:03 | Profiling 9/476 batches of size 1024
21:21:03 | Profiling 10/476 batches of size 1024
21:21:03 | Profiling 11/476 batches of size 1024
21:21:03 | Profiling 12/476 batches of size 1024
21:21:03 | Profiling 13/476 batches of size 1024
21:21:03 | Profiling 14/476 batches of size 1024
21:21:03 | Profiling 15/476 batches of size 1024
21:21:03 | Profiling 16/476 batches of size 1024
21:21:03 | Profiling 17/476 batches of size 1024
21:21:04 | Profiling 18/476 batches of size 1024
21:21:04 | Profiling 19/476 batches of size 1024
21:21:04 | Profiling 20/476 batches of size 1024
21:21:04 | Profiling 21/476 batches of size 1024
21:21:04 | Profiling 22/476 batches of size 1024
21:21:04 | Profiling 23/476 batches of size 1024
21:21:04 | Profiling 24/476 batches of size 1024
21:21:04 | Profiling 25/476 batches of size 1024
21:21:04 | Profiling 26/476 batches of size 1024
21:21:04 | Profiling 27/476 batches of size 1024
21:21:04 | Profiling 28/476 batches of size 1024
21:21:05 | Profiling 29/476 batches of size 1024
21:21:05 | Profiling 30/476 batches of size 1024
21:21:05 | Profiling 31/476 batches of size 1024
21:21:05 | Profiling 32/476 batches of size 1024
21:21:05 | Profiling 33/476 batches of size 1024
21:21:05 | Profiling 34/476 batches of size 1024
21:21:05 | Profiling 35/476 batches of size 1024
21:21:05 | Profiling 36/476 batches of size 1024
21:21:05 | Profiling 37/476 batches of size 1024
21:21:05 | Profiling 38/476 batches of size 1024
21:21:06 | Profiling 39/476 batches of size 1024
21:21:06 | Profiling 40/476 batches of size 1024
21:21:06 | Profiling 41/476 batches of size 1024
21:21:06 | Profiling 42/476 batches of size 1024
21:21:06 | Profiling 43/476 batches of size 1024
21:21:06 | Profiling 44/476 batches of size 1024
21:21:06 | Profiling 45/476 batches of size 1024
21:21:06 | Profiling 46/476 batches of size 1024
21:21:07 | Profiling 47/476 batches of size 1024
21:21:07 | Profiling 48/476 batches of size 1024
21:21:07 | Profiling 49/476 batches of size 1024
21:21:07 | Profiling 50/476 batches of size 1024
21:21:07 | Profiling 51/476 batches of size 1024
21:21:07 | Profiling 52/476 batches of size 1024
21:21:08 | Profiling 53/476 batches of size 1024
21:21:08 | Profiling 54/476 batches of size 1024
21:21:08 | Profiling 55/476 batches of size 1024
21:21:08 | Profiling 56/476 batches of size 1024
21:21:08 | Profiling 57/476 batches of size 1024
21:21:08 | Profiling 58/476 batches of size 1024
21:21:09 | Profiling 59/476 batches of size 1024
21:21:09 | Profiling 60/476 batches of size 1024
21:21:09 | Profiling 61/476 batches of size 1024
21:21:09 | Profiling 62/476 batches of size 1024
21:21:09 | Profiling 63/476 batches of size 1024
21:21:09 | Profiling 64/476 batches of size 1024
21:21:10 | Profiling 65/476 batches of size 1024
21:21:10 | Profiling 66/476 batches of size 1024
21:21:10 | Profiling 67/476 batches of size 1024
21:21:10 | Profiling 68/476 batches of size 1024
21:21:10 | Profiling 69/476 batches of size 1024
21:21:11 | Profiling 70/476 batches of size 1024
21:21:11 | Profiling 71/476 batches of size 1024
21:21:11 | Profiling 72/476 batches of size 1024
21:21:11 | Profiling 73/476 batches of size 1024
21:21:11 | Profiling 74/476 batches of size 1024
21:21:12 | Profiling 75/476 batches of size 1024
21:21:12 | Profiling 76/476 batches of size 1024
21:21:12 | Profiling 77/476 batches of size 1024
21:21:12 | Profiling 78/476 batches of size 1024
21:21:12 | Profiling 79/476 batches of size 1024
21:21:13 | Profiling 80/476 batches of size 1024
21:21:13 | Profiling 81/476 batches of size 1024
21:21:13 | Profiling 82/476 batches of size 1024
21:21:13 | Profiling 83/476 batches of size 1024
21:21:13 | Profiling 84/476 batches of size 1024
21:21:14 | Profiling 85/476 batches of size 1024
21:21:14 | Profiling 86/476 batches of size 1024
21:21:14 | Profiling 87/476 batches of size 1024
21:21:14 | Profiling 88/476 batches of size 1024
21:21:14 | Profiling 89/476 batches of size 1024
21:21:15 | Profiling 90/476 batches of size 1024
21:21:15 | Profiling 91/476 batches of size 1024
21:21:15 | Profiling 92/476 batches of size 1024
21:21:15 | Profiling 93/476 batches of size 1024
21:21:16 | Profiling 94/476 batches of size 1024
21:21:16 | Profiling 95/476 batches of size 1024
21:21:16 | Profiling 96/476 batches of size 1024
21:21:16 | Profiling 97/476 batches of size 1024
21:21:16 | Profiling 98/476 batches of size 1024
21:21:17 | Profiling 99/476 batches of size 1024
21:21:17 | Profiling 100/476 batches of size 1024
21:21:17 | Profiling 101/476 batches of size 1024
21:21:17 | Profiling 102/476 batches of size 1024
21:21:18 | Profiling 103/476 batches of size 1024
21:21:18 | Profiling 104/476 batches of size 1024
21:21:18 | Profiling 105/476 batches of size 1024
21:21:18 | Profiling 106/476 batches of size 1024
21:21:19 | Profiling 107/476 batches of size 1024
21:21:19 | Profiling 108/476 batches of size 1024
21:21:19 | Profiling 109/476 batches of size 1024
21:21:19 | Profiling 110/476 batches of size 1024
21:21:20 | Profiling 111/476 batches of size 1024
21:21:20 | Profiling 112/476 batches of size 1024
21:21:20 | Profiling 113/476 batches of size 1024
21:21:20 | Profiling 114/476 batches of size 1024
21:21:21 | Profiling 115/476 batches of size 1024
21:21:21 | Profiling 116/476 batches of size 1024
21:21:21 | Profiling 117/476 batches of size 1024
21:21:21 | Profiling 118/476 batches of size 1024
21:21:22 | Profiling 119/476 batches of size 1024
21:21:22 | Profiling 120/476 batches of size 1024
21:21:22 | Profiling 121/476 batches of size 1024
21:21:22 | Profiling 122/476 batches of size 1024
21:21:23 | Profiling 123/476 batches of size 1024
21:21:23 | Profiling 124/476 batches of size 1024
21:21:23 | Profiling 125/476 batches of size 1024
21:21:24 | Profiling 126/476 batches of size 1024
21:21:24 | Profiling 127/476 batches of size 1024
21:21:24 | Profiling 128/476 batches of size 1024
21:21:24 | Profiling 129/476 batches of size 1024
21:21:25 | Profiling 130/476 batches of size 1024
21:21:25 | Profiling 131/476 batches of size 1024
21:21:25 | Profiling 132/476 batches of size 1024
21:21:26 | Profiling 133/476 batches of size 1024
21:21:26 | Profiling 134/476 batches of size 1024
21:21:26 | Profiling 135/476 batches of size 1024
21:21:26 | Profiling 136/476 batches of size 1024
21:21:27 | Profiling 137/476 batches of size 1024
21:21:27 | Profiling 138/476 batches of size 1024
21:21:27 | Profiling 139/476 batches of size 1024
21:21:28 | Profiling 140/476 batches of size 1024
21:21:28 | Profiling 141/476 batches of size 1024
21:21:28 | Profiling 142/476 batches of size 1024
21:21:29 | Profiling 143/476 batches of size 1024
21:21:29 | Profiling 144/476 batches of size 1024
21:21:29 | Profiling 145/476 batches of size 1024
21:21:29 | Profiling 146/476 batches of size 1024
21:21:30 | Profiling 147/476 batches of size 1024
21:21:30 | Profiling 148/476 batches of size 1024
21:21:30 | Profiling 149/476 batches of size 1024
21:21:31 | Profiling 150/476 batches of size 1024
21:21:31 | Profiling 151/476 batches of size 1024
21:21:31 | Profiling 152/476 batches of size 1024
21:21:32 | Profiling 153/476 batches of size 1024
21:21:32 | Profiling 154/476 batches of size 1024
21:21:32 | Profiling 155/476 batches of size 1024
21:21:33 | Profiling 156/476 batches of size 1024
21:21:33 | Profiling 157/476 batches of size 1024
21:21:33 | Profiling 158/476 batches of size 1024
21:21:34 | Profiling 159/476 batches of size 1024
21:21:34 | Profiling 160/476 batches of size 1024
21:21:34 | Profiling 161/476 batches of size 1024
21:21:35 | Profiling 162/476 batches of size 1024
21:21:35 | Profiling 163/476 batches of size 1024
21:21:35 | Profiling 164/476 batches of size 1024
21:21:36 | Profiling 165/476 batches of size 1024
21:21:36 | Profiling 166/476 batches of size 1024
21:21:36 | Profiling 167/476 batches of size 1024
21:21:37 | Profiling 168/476 batches of size 1024
21:21:37 | Profiling 169/476 batches of size 1024
21:21:37 | Profiling 170/476 batches of size 1024
21:21:38 | Profiling 171/476 batches of size 1024
21:21:38 | Profiling 172/476 batches of size 1024
21:21:38 | Profiling 173/476 batches of size 1024
21:21:39 | Profiling 174/476 batches of size 1024
21:21:39 | Profiling 175/476 batches of size 1024
21:21:39 | Profiling 176/476 batches of size 1024
21:21:40 | Profiling 177/476 batches of size 1024
21:21:40 | Profiling 178/476 batches of size 1024
21:21:40 | Profiling 179/476 batches of size 1024
21:21:41 | Profiling 180/476 batches of size 1024
21:21:41 | Profiling 181/476 batches of size 1024
21:21:42 | Profiling 182/476 batches of size 1024
21:21:42 | Profiling 183/476 batches of size 1024
21:21:42 | Profiling 184/476 batches of size 1024
21:21:43 | Profiling 185/476 batches of size 1024
21:21:43 | Profiling 186/476 batches of size 1024
21:21:43 | Profiling 187/476 batches of size 1024
21:21:44 | Profiling 188/476 batches of size 1024
21:21:44 | Profiling 189/476 batches of size 1024
21:21:45 | Profiling 190/476 batches of size 1024
21:21:45 | Profiling 191/476 batches of size 1024
21:21:45 | Profiling 192/476 batches of size 1024
21:21:46 | Profiling 193/476 batches of size 1024
21:21:46 | Profiling 194/476 batches of size 1024
21:21:47 | Profiling 195/476 batches of size 1024
21:21:47 | Profiling 196/476 batches of size 1024
21:21:47 | Profiling 197/476 batches of size 1024
21:21:48 | Profiling 198/476 batches of size 1024
21:21:48 | Profiling 199/476 batches of size 1024
21:21:49 | Profiling 200/476 batches of size 1024
21:21:49 | Profiling 201/476 batches of size 1024
21:21:49 | Profiling 202/476 batches of size 1024
21:21:50 | Profiling 203/476 batches of size 1024
21:21:50 | Profiling 204/476 batches of size 1024
21:21:51 | Profiling 205/476 batches of size 1024
21:21:51 | Profiling 206/476 batches of size 1024
21:21:51 | Profiling 207/476 batches of size 1024
21:21:52 | Profiling 208/476 batches of size 1024
21:21:52 | Profiling 209/476 batches of size 1024
21:21:53 | Profiling 210/476 batches of size 1024
21:21:53 | Profiling 211/476 batches of size 1024
21:21:54 | Profiling 212/476 batches of size 1024
21:21:54 | Profiling 213/476 batches of size 1024
21:21:54 | Profiling 214/476 batches of size 1024
21:21:55 | Profiling 215/476 batches of size 1024
21:21:55 | Profiling 216/476 batches of size 1024
21:21:56 | Profiling 217/476 batches of size 1024
21:21:56 | Profiling 218/476 batches of size 1024
21:21:57 | Profiling 219/476 batches of size 1024
21:21:57 | Profiling 220/476 batches of size 1024
21:21:58 | Profiling 221/476 batches of size 1024
21:21:58 | Profiling 222/476 batches of size 1024
21:21:58 | Profiling 223/476 batches of size 1024
21:21:59 | Profiling 224/476 batches of size 1024
21:21:59 | Profiling 225/476 batches of size 1024
21:22:00 | Profiling 226/476 batches of size 1024
21:22:00 | Profiling 227/476 batches of size 1024
21:22:01 | Profiling 228/476 batches of size 1024
21:22:01 | Profiling 229/476 batches of size 1024
21:22:02 | Profiling 230/476 batches of size 1024
21:22:02 | Profiling 231/476 batches of size 1024
21:22:03 | Profiling 232/476 batches of size 1024
21:22:03 | Profiling 233/476 batches of size 1024
21:22:04 | Profiling 234/476 batches of size 1024
21:22:04 | Profiling 235/476 batches of size 1024
21:22:05 | Profiling 236/476 batches of size 1024
21:22:05 | Profiling 237/476 batches of size 1024
21:22:06 | Profiling 238/476 batches of size 1024
21:22:06 | Profiling 239/476 batches of size 1024
21:22:07 | Profiling 240/476 batches of size 1024
21:22:07 | Profiling 241/476 batches of size 1024
21:22:08 | Profiling 242/476 batches of size 1024
21:22:08 | Profiling 243/476 batches of size 1024
21:22:09 | Profiling 244/476 batches of size 1024
21:22:10 | Profiling 245/476 batches of size 1024
21:22:10 | Profiling 246/476 batches of size 1024
21:22:11 | Profiling 247/476 batches of size 1024
21:22:11 | Profiling 248/476 batches of size 1024
21:22:12 | Profiling 249/476 batches of size 1024
21:22:13 | Profiling 250/476 batches of size 1024
21:22:13 | Profiling 251/476 batches of size 1024
21:22:14 | Profiling 252/476 batches of size 1024
21:22:14 | Profiling 253/476 batches of size 1024
21:22:15 | Profiling 254/476 batches of size 1024
21:22:16 | Profiling 255/476 batches of size 1024
21:22:16 | Profiling 256/476 batches of size 1024
21:22:17 | Profiling 257/476 batches of size 1024
21:22:17 | Profiling 258/476 batches of size 1024
21:22:18 | Profiling 259/476 batches of size 1024
21:22:19 | Profiling 260/476 batches of size 1024
21:22:19 | Profiling 261/476 batches of size 1024
21:22:20 | Profiling 262/476 batches of size 1024
21:22:21 | Profiling 263/476 batches of size 1024
21:22:21 | Profiling 264/476 batches of size 1024
21:22:22 | Profiling 265/476 batches of size 1024
21:22:22 | Profiling 266/476 batches of size 1024
21:22:23 | Profiling 267/476 batches of size 1024
21:22:24 | Profiling 268/476 batches of size 1024
21:22:24 | Profiling 269/476 batches of size 1024
21:22:25 | Profiling 270/476 batches of size 1024
21:22:26 | Profiling 271/476 batches of size 1024
21:22:26 | Profiling 272/476 batches of size 1024
21:22:27 | Profiling 273/476 batches of size 1024
21:22:28 | Profiling 274/476 batches of size 1024
21:22:28 | Profiling 275/476 batches of size 1024
21:22:29 | Profiling 276/476 batches of size 1024
21:22:30 | Profiling 277/476 batches of size 1024
21:22:30 | Profiling 278/476 batches of size 1024
21:22:31 | Profiling 279/476 batches of size 1024
21:22:32 | Profiling 280/476 batches of size 1024
21:22:32 | Profiling 281/476 batches of size 1024
21:22:33 | Profiling 282/476 batches of size 1024
21:22:34 | Profiling 283/476 batches of size 1024
21:22:35 | Profiling 284/476 batches of size 1024
21:22:35 | Profiling 285/476 batches of size 1024
21:22:36 | Profiling 286/476 batches of size 1024
21:22:37 | Profiling 287/476 batches of size 1024
21:22:37 | Profiling 288/476 batches of size 1024
21:22:38 | Profiling 289/476 batches of size 1024
21:22:39 | Profiling 290/476 batches of size 1024
21:22:39 | Profiling 291/476 batches of size 1024
21:22:40 | Profiling 292/476 batches of size 1024
21:22:41 | Profiling 293/476 batches of size 1024
21:22:42 | Profiling 294/476 batches of size 1024
21:22:42 | Profiling 295/476 batches of size 1024
21:22:43 | Profiling 296/476 batches of size 1024
21:22:44 | Profiling 297/476 batches of size 1024
21:22:44 | Profiling 298/476 batches of size 1024
21:22:45 | Profiling 299/476 batches of size 1024
21:22:46 | Profiling 300/476 batches of size 1024
21:22:47 | Profiling 301/476 batches of size 1024
21:22:47 | Profiling 302/476 batches of size 1024
21:22:48 | Profiling 303/476 batches of size 1024
21:22:49 | Profiling 304/476 batches of size 1024
21:22:50 | Profiling 305/476 batches of size 1024
21:22:50 | Profiling 306/476 batches of size 1024
21:22:51 | Profiling 307/476 batches of size 1024
21:22:52 | Profiling 308/476 batches of size 1024
21:22:53 | Profiling 309/476 batches of size 1024
21:22:53 | Profiling 310/476 batches of size 1024
21:22:54 | Profiling 311/476 batches of size 1024
21:22:55 | Profiling 312/476 batches of size 1024
21:22:56 | Profiling 313/476 batches of size 1024
21:22:56 | Profiling 314/476 batches of size 1024
21:22:57 | Profiling 315/476 batches of size 1024
21:22:58 | Profiling 316/476 batches of size 1024
21:22:59 | Profiling 317/476 batches of size 1024
21:22:59 | Profiling 318/476 batches of size 1024
21:23:00 | Profiling 319/476 batches of size 1024
21:23:01 | Profiling 320/476 batches of size 1024
21:23:02 | Profiling 321/476 batches of size 1024
21:23:02 | Profiling 322/476 batches of size 1024
21:23:03 | Profiling 323/476 batches of size 1024
21:23:04 | Profiling 324/476 batches of size 1024
21:23:05 | Profiling 325/476 batches of size 1024
21:23:06 | Profiling 326/476 batches of size 1024
21:23:06 | Profiling 327/476 batches of size 1024
21:23:07 | Profiling 328/476 batches of size 1024
21:23:08 | Profiling 329/476 batches of size 1024
21:23:09 | Profiling 330/476 batches of size 1024
21:23:10 | Profiling 331/476 batches of size 1024
21:23:10 | Profiling 332/476 batches of size 1024
21:23:11 | Profiling 333/476 batches of size 1024
21:23:12 | Profiling 334/476 batches of size 1024
21:23:13 | Profiling 335/476 batches of size 1024
21:23:14 | Profiling 336/476 batches of size 1024
21:23:14 | Profiling 337/476 batches of size 1024
21:23:15 | Profiling 338/476 batches of size 1024
21:23:16 | Profiling 339/476 batches of size 1024
21:23:17 | Profiling 340/476 batches of size 1024
21:23:18 | Profiling 341/476 batches of size 1024
21:23:19 | Profiling 342/476 batches of size 1024
21:23:19 | Profiling 343/476 batches of size 1024
21:23:20 | Profiling 344/476 batches of size 1024
21:23:21 | Profiling 345/476 batches of size 1024
21:23:22 | Profiling 346/476 batches of size 1024
21:23:23 | Profiling 347/476 batches of size 1024
21:23:24 | Profiling 348/476 batches of size 1024
21:23:24 | Profiling 349/476 batches of size 1024
21:23:25 | Profiling 350/476 batches of size 1024
21:23:26 | Profiling 351/476 batches of size 1024
21:23:27 | Profiling 352/476 batches of size 1024
21:23:27 | Profiling 353/476 batches of size 1024
21:23:28 | Profiling 354/476 batches of size 1024
21:23:29 | Profiling 355/476 batches of size 1024
21:23:30 | Profiling 356/476 batches of size 1024
21:23:31 | Profiling 357/476 batches of size 1024
21:23:32 | Profiling 358/476 batches of size 1024
21:23:32 | Profiling 359/476 batches of size 1024
21:23:33 | Profiling 360/476 batches of size 1024
21:23:34 | Profiling 361/476 batches of size 1024
21:23:35 | Profiling 362/476 batches of size 1024
21:23:36 | Profiling 363/476 batches of size 1024
21:23:37 | Profiling 364/476 batches of size 1024
21:23:38 | Profiling 365/476 batches of size 1024
21:23:38 | Profiling 366/476 batches of size 1024
21:23:39 | Profiling 367/476 batches of size 1024
21:23:40 | Profiling 368/476 batches of size 1024
21:23:41 | Profiling 369/476 batches of size 1024
21:23:42 | Profiling 370/476 batches of size 1024
21:23:43 | Profiling 371/476 batches of size 1024
21:23:44 | Profiling 372/476 batches of size 1024
21:23:45 | Profiling 373/476 batches of size 1024
21:23:45 | Profiling 374/476 batches of size 1024
21:23:46 | Profiling 375/476 batches of size 1024
21:23:47 | Profiling 376/476 batches of size 1024
21:23:48 | Profiling 377/476 batches of size 1024
21:23:49 | Profiling 378/476 batches of size 1024
21:23:50 | Profiling 379/476 batches of size 1024
21:23:51 | Profiling 380/476 batches of size 1024
21:23:52 | Profiling 381/476 batches of size 1024
21:23:53 | Profiling 382/476 batches of size 1024
21:23:53 | Profiling 383/476 batches of size 1024
21:23:54 | Profiling 384/476 batches of size 1024
21:23:55 | Profiling 385/476 batches of size 1024
21:23:56 | Profiling 386/476 batches of size 1024
21:23:57 | Profiling 387/476 batches of size 1024
21:23:58 | Profiling 388/476 batches of size 1024
21:23:59 | Profiling 389/476 batches of size 1024
21:23:59 | Profiling 390/476 batches of size 1024
21:24:00 | Profiling 391/476 batches of size 1024
21:24:01 | Profiling 392/476 batches of size 1024
21:24:02 | Profiling 393/476 batches of size 1024
21:24:03 | Profiling 394/476 batches of size 1024
21:24:04 | Profiling 395/476 batches of size 1024
21:24:05 | Profiling 396/476 batches of size 1024
21:24:06 | Profiling 397/476 batches of size 1024
21:24:07 | Profiling 398/476 batches of size 1024
21:24:08 | Profiling 399/476 batches of size 1024
21:24:09 | Profiling 400/476 batches of size 1024
21:24:10 | Profiling 401/476 batches of size 1024
21:24:11 | Profiling 402/476 batches of size 1024
21:24:12 | Profiling 403/476 batches of size 1024
21:24:13 | Profiling 404/476 batches of size 1024
21:24:13 | Profiling 405/476 batches of size 1024
21:24:14 | Profiling 406/476 batches of size 1024
21:24:15 | Profiling 407/476 batches of size 1024
21:24:16 | Profiling 408/476 batches of size 1024
21:24:17 | Profiling 409/476 batches of size 1024
21:24:18 | Profiling 410/476 batches of size 1024
21:24:19 | Profiling 411/476 batches of size 1024
21:24:20 | Profiling 412/476 batches of size 1024
21:24:21 | Profiling 413/476 batches of size 1024
21:24:22 | Profiling 414/476 batches of size 1024
21:24:23 | Profiling 415/476 batches of size 1024
21:24:24 | Profiling 416/476 batches of size 1024
21:24:25 | Profiling 417/476 batches of size 1024
21:24:25 | Profiling 418/476 batches of size 1024
21:24:26 | Profiling 419/476 batches of size 1024
21:24:27 | Profiling 420/476 batches of size 1024
21:24:28 | Profiling 421/476 batches of size 1024
21:24:29 | Profiling 422/476 batches of size 1024
21:24:30 | Profiling 423/476 batches of size 1024
21:24:31 | Profiling 424/476 batches of size 1024
21:24:32 | Profiling 425/476 batches of size 1024
21:24:33 | Profiling 426/476 batches of size 1024
21:24:34 | Profiling 427/476 batches of size 1024
21:24:35 | Profiling 428/476 batches of size 1024
21:24:36 | Profiling 429/476 batches of size 1024
21:24:37 | Profiling 430/476 batches of size 1024
21:24:38 | Profiling 431/476 batches of size 1024
21:24:38 | Profiling 432/476 batches of size 1024
21:24:40 | Profiling 433/476 batches of size 1024
21:24:41 | Profiling 434/476 batches of size 1024
21:24:42 | Profiling 435/476 batches of size 1024
21:24:43 | Profiling 436/476 batches of size 1024
21:24:44 | Profiling 437/476 batches of size 1024
21:24:45 | Profiling 438/476 batches of size 1024
21:24:46 | Profiling 439/476 batches of size 1024
21:24:47 | Profiling 440/476 batches of size 1024
21:24:48 | Profiling 441/476 batches of size 1024
21:24:49 | Profiling 442/476 batches of size 1024
21:24:50 | Profiling 443/476 batches of size 1024
21:24:51 | Profiling 444/476 batches of size 1024
21:24:52 | Profiling 445/476 batches of size 1024
21:24:53 | Profiling 446/476 batches of size 1024
21:24:54 | Profiling 447/476 batches of size 1024
21:24:54 | Profiling 448/476 batches of size 1024
21:24:55 | Profiling 449/476 batches of size 1024
21:24:56 | Profiling 450/476 batches of size 1024
21:24:57 | Profiling 451/476 batches of size 1024
21:24:58 | Profiling 452/476 batches of size 1024
21:24:59 | Profiling 453/476 batches of size 1024
21:25:00 | Profiling 454/476 batches of size 1024
21:25:01 | Profiling 455/476 batches of size 1024
21:25:02 | Profiling 456/476 batches of size 1024
21:25:03 | Profiling 457/476 batches of size 1024
21:25:04 | Profiling 458/476 batches of size 1024
21:25:05 | Profiling 459/476 batches of size 1024
21:25:06 | Profiling 460/476 batches of size 1024
21:25:07 | Profiling 461/476 batches of size 1024
21:25:08 | Profiling 462/476 batches of size 1024
21:25:09 | Profiling 463/476 batches of size 1024
21:25:10 | Profiling 464/476 batches of size 1024
21:25:11 | Profiling 465/476 batches of size 1024
21:25:12 | Profiling 466/476 batches of size 1024
21:25:13 | Profiling 467/476 batches of size 1024
21:25:14 | Profiling 468/476 batches of size 1024
21:25:15 | Profiling 469/476 batches of size 1024
21:25:16 | Profiling 470/476 batches of size 1024
21:25:17 | Profiling 471/476 batches of size 1024
21:25:18 | Profiling 472/476 batches of size 1024
21:25:19 | Profiling 473/476 batches of size 1024
21:25:20 | Profiling 474/476 batches of size 1024
21:25:21 | Profiling 475/476 batches of size 1024
21:25:22 | Profiling 476/476 batches of size 972
21:25:22 | Done calculating latent space
21:25:22 | Plotting interpolations of reconstructions
21:25:23 | doing: ./dump/outputs_2023-01-02 - 18-47-44/interpolations/ALLN_100.0.png
21:25:38 | doing: ./dump/outputs_2023-01-02 - 18-47-44/interpolations/ALLN_3.0.png
21:25:54 | doing: ./dump/outputs_2023-01-02 - 18-47-44/interpolations/AZ-A_0.1.png
21:26:10 | doing: ./dump/outputs_2023-01-02 - 18-47-44/interpolations/AZ-A_0.3.png
21:26:25 | doing: ./dump/outputs_2023-01-02 - 18-47-44/interpolations/AZ-A_1.0.png
21:26:41 | doing: ./dump/outputs_2023-01-02 - 18-47-44/interpolations/AZ-A_10.0.png
21:26:56 | doing: ./dump/outputs_2023-01-02 - 18-47-44/interpolations/AZ-A_3.0.png
21:27:10 | doing: ./dump/outputs_2023-01-02 - 18-47-44/interpolations/AZ-A_30.0.png
21:27:25 | doing: ./dump/outputs_2023-01-02 - 18-47-44/interpolations/AZ-C_0.001.png
21:27:39 | doing: ./dump/outputs_2023-01-02 - 18-47-44/interpolations/AZ-C_0.003.png
21:27:53 | doing: ./dump/outputs_2023-01-02 - 18-47-44/interpolations/AZ-C_0.01.png
21:28:08 | doing: ./dump/outputs_2023-01-02 - 18-47-44/interpolations/AZ-C_0.03.png
21:28:23 | doing: ./dump/outputs_2023-01-02 - 18-47-44/interpolations/AZ-C_0.1.png
21:28:38 | doing: ./dump/outputs_2023-01-02 - 18-47-44/interpolations/AZ-C_0.3.png
21:28:53 | doing: ./dump/outputs_2023-01-02 - 18-47-44/interpolations/AZ-C_1.0.png
21:29:08 | doing: ./dump/outputs_2023-01-02 - 18-47-44/interpolations/AZ-J_1.0.png
21:29:23 | doing: ./dump/outputs_2023-01-02 - 18-47-44/interpolations/AZ-J_10.0.png
21:29:37 | doing: ./dump/outputs_2023-01-02 - 18-47-44/interpolations/AZ-J_3.0.png
21:29:52 | doing: ./dump/outputs_2023-01-02 - 18-47-44/interpolations/AZ-U_1.0.png
21:30:06 | doing: ./dump/outputs_2023-01-02 - 18-47-44/interpolations/AZ-U_10.0.png
21:30:21 | doing: ./dump/outputs_2023-01-02 - 18-47-44/interpolations/AZ-U_3.0.png
21:30:37 | doing: ./dump/outputs_2023-01-02 - 18-47-44/interpolations/AZ138_0.03.png
21:30:52 | doing: ./dump/outputs_2023-01-02 - 18-47-44/interpolations/AZ138_0.1.png
21:31:08 | doing: ./dump/outputs_2023-01-02 - 18-47-44/interpolations/AZ138_0.3.png
21:31:24 | doing: ./dump/outputs_2023-01-02 - 18-47-44/interpolations/AZ138_1.0.png
21:31:39 | doing: ./dump/outputs_2023-01-02 - 18-47-44/interpolations/AZ138_3.0.png
21:31:53 | doing: ./dump/outputs_2023-01-02 - 18-47-44/interpolations/AZ258_0.1.png
21:32:08 | doing: ./dump/outputs_2023-01-02 - 18-47-44/interpolations/AZ258_0.3.png
21:32:23 | doing: ./dump/outputs_2023-01-02 - 18-47-44/interpolations/AZ258_1.0.png
21:32:39 | doing: ./dump/outputs_2023-01-02 - 18-47-44/interpolations/AZ841_0.1.png
21:32:53 | doing: ./dump/outputs_2023-01-02 - 18-47-44/interpolations/AZ841_0.3.png
21:33:09 | doing: ./dump/outputs_2023-01-02 - 18-47-44/interpolations/AZ841_1.0.png
21:33:25 | doing: ./dump/outputs_2023-01-02 - 18-47-44/interpolations/DMSO_0.0.png
21:33:40 | doing: ./dump/outputs_2023-01-02 - 18-47-44/interpolations/MG-132_0.1.png
21:33:56 | doing: ./dump/outputs_2023-01-02 - 18-47-44/interpolations/MG-132_3.0.png
21:34:11 | doing: ./dump/outputs_2023-01-02 - 18-47-44/interpolations/PD-169316_10.0.png
21:34:27 | doing: ./dump/outputs_2023-01-02 - 18-47-44/interpolations/PD-169316_3.0.png
21:34:42 | doing: ./dump/outputs_2023-01-02 - 18-47-44/interpolations/PP-2_10.0.png
21:34:57 | doing: ./dump/outputs_2023-01-02 - 18-47-44/interpolations/PP-2_3.0.png
21:35:13 | doing: ./dump/outputs_2023-01-02 - 18-47-44/interpolations/alsterpaullone_1.0.png
21:35:28 | doing: ./dump/outputs_2023-01-02 - 18-47-44/interpolations/alsterpaullone_3.0.png
21:35:44 | doing: ./dump/outputs_2023-01-02 - 18-47-44/interpolations/anisomycin_0.3.png
21:35:59 | doing: ./dump/outputs_2023-01-02 - 18-47-44/interpolations/anisomycin_1.0.png
21:36:15 | doing: ./dump/outputs_2023-01-02 - 18-47-44/interpolations/bryostatin_0.3.png
21:36:31 | doing: ./dump/outputs_2023-01-02 - 18-47-44/interpolations/camptothecin_0.003.png
21:36:46 | doing: ./dump/outputs_2023-01-02 - 18-47-44/interpolations/camptothecin_0.01.png
21:37:02 | doing: ./dump/outputs_2023-01-02 - 18-47-44/interpolations/camptothecin_0.03.png
21:37:18 | doing: ./dump/outputs_2023-01-02 - 18-47-44/interpolations/chlorambucil_10.0.png
21:37:34 | doing: ./dump/outputs_2023-01-02 - 18-47-44/interpolations/cisplatin_10.0.png
21:37:50 | doing: ./dump/outputs_2023-01-02 - 18-47-44/interpolations/colchicine_0.03.png
21:38:04 | doing: ./dump/outputs_2023-01-02 - 18-47-44/interpolations/cyclohexamide_15.0.png
21:38:19 | doing: ./dump/outputs_2023-01-02 - 18-47-44/interpolations/cyclohexamide_5.0.png
21:38:33 | doing: ./dump/outputs_2023-01-02 - 18-47-44/interpolations/cyclohexamide_50.0.png
21:38:47 | doing: ./dump/outputs_2023-01-02 - 18-47-44/interpolations/cytochalasin B_10.0.png
21:39:02 | doing: ./dump/outputs_2023-01-02 - 18-47-44/interpolations/cytochalasin B_30.0.png
21:39:17 | doing: ./dump/outputs_2023-01-02 - 18-47-44/interpolations/cytochalasin D_0.3.png
21:39:31 | doing: ./dump/outputs_2023-01-02 - 18-47-44/interpolations/demecolcine_0.3.png
21:39:46 | doing: ./dump/outputs_2023-01-02 - 18-47-44/interpolations/demecolcine_1.0.png
21:40:00 | doing: ./dump/outputs_2023-01-02 - 18-47-44/interpolations/demecolcine_10.0.png
21:40:14 | doing: ./dump/outputs_2023-01-02 - 18-47-44/interpolations/demecolcine_3.0.png
21:40:28 | doing: ./dump/outputs_2023-01-02 - 18-47-44/interpolations/docetaxel_0.03.png
21:40:42 | doing: ./dump/outputs_2023-01-02 - 18-47-44/interpolations/docetaxel_0.1.png
21:40:56 | doing: ./dump/outputs_2023-01-02 - 18-47-44/interpolations/docetaxel_0.3.png
21:41:11 | doing: ./dump/outputs_2023-01-02 - 18-47-44/interpolations/emetine_0.1.png
21:41:26 | doing: ./dump/outputs_2023-01-02 - 18-47-44/interpolations/emetine_0.3.png
21:41:41 | doing: ./dump/outputs_2023-01-02 - 18-47-44/interpolations/emetine_1.0.png
21:41:55 | doing: ./dump/outputs_2023-01-02 - 18-47-44/interpolations/epothilone B_0.1.png
21:42:10 | doing: ./dump/outputs_2023-01-02 - 18-47-44/interpolations/epothilone B_0.3.png
21:42:25 | doing: ./dump/outputs_2023-01-02 - 18-47-44/interpolations/epothilone B_1.0.png
21:42:40 | doing: ./dump/outputs_2023-01-02 - 18-47-44/interpolations/etoposide_1.0.png
21:42:56 | doing: ./dump/outputs_2023-01-02 - 18-47-44/interpolations/etoposide_10.0.png
21:43:11 | doing: ./dump/outputs_2023-01-02 - 18-47-44/interpolations/etoposide_3.0.png
21:43:27 | doing: ./dump/outputs_2023-01-02 - 18-47-44/interpolations/floxuridine_10.0.png
21:43:42 | doing: ./dump/outputs_2023-01-02 - 18-47-44/interpolations/floxuridine_30.0.png
21:43:58 | doing: ./dump/outputs_2023-01-02 - 18-47-44/interpolations/lactacystin_10.0.png
21:44:13 | doing: ./dump/outputs_2023-01-02 - 18-47-44/interpolations/latrunculin B_1.0.png
21:44:29 | doing: ./dump/outputs_2023-01-02 - 18-47-44/interpolations/latrunculin B_3.0.png
21:44:44 | doing: ./dump/outputs_2023-01-02 - 18-47-44/interpolations/methotrexate_10.0.png
21:44:59 | doing: ./dump/outputs_2023-01-02 - 18-47-44/interpolations/mevinolin_lovastatin_1.5.png
21:45:15 | doing: ./dump/outputs_2023-01-02 - 18-47-44/interpolations/mevinolin_lovastatin_15.0.png
21:45:31 | doing: ./dump/outputs_2023-01-02 - 18-47-44/interpolations/mevinolin_lovastatin_5.0.png
21:45:46 | doing: ./dump/outputs_2023-01-02 - 18-47-44/interpolations/mitomycin C_0.1.png
21:46:02 | doing: ./dump/outputs_2023-01-02 - 18-47-44/interpolations/mitomycin C_0.3.png
21:46:17 | doing: ./dump/outputs_2023-01-02 - 18-47-44/interpolations/mitomycin C_1.0.png
21:46:32 | doing: ./dump/outputs_2023-01-02 - 18-47-44/interpolations/mitomycin C_3.0.png
21:46:47 | doing: ./dump/outputs_2023-01-02 - 18-47-44/interpolations/mitoxantrone_0.003.png
21:47:02 | doing: ./dump/outputs_2023-01-02 - 18-47-44/interpolations/mitoxantrone_0.01.png
21:47:17 | doing: ./dump/outputs_2023-01-02 - 18-47-44/interpolations/nocodazole_1.0.png
21:47:32 | doing: ./dump/outputs_2023-01-02 - 18-47-44/interpolations/nocodazole_3.0.png
21:47:48 | doing: ./dump/outputs_2023-01-02 - 18-47-44/interpolations/proteasome inhibitor I_0.1.png
21:48:03 | doing: ./dump/outputs_2023-01-02 - 18-47-44/interpolations/proteasome inhibitor I_3.0.png
21:48:18 | doing: ./dump/outputs_2023-01-02 - 18-47-44/interpolations/simvastatin_2.0.png
21:48:33 | doing: ./dump/outputs_2023-01-02 - 18-47-44/interpolations/simvastatin_20.0.png
21:48:49 | doing: ./dump/outputs_2023-01-02 - 18-47-44/interpolations/simvastatin_6.0.png
21:49:05 | doing: ./dump/outputs_2023-01-02 - 18-47-44/interpolations/taxol_0.3.png
21:49:21 | doing: ./dump/outputs_2023-01-02 - 18-47-44/interpolations/taxol_1.0.png
21:49:37 | doing: ./dump/outputs_2023-01-02 - 18-47-44/interpolations/taxol_3.0.png
21:49:52 | doing: ./dump/outputs_2023-01-02 - 18-47-44/interpolations/vincristine_0.003.png
21:50:07 | doing: ./dump/outputs_2023-01-02 - 18-47-44/interpolations/vincristine_0.01.png
21:50:23 | doing: ./dump/outputs_2023-01-02 - 18-47-44/interpolations/vincristine_0.03.png
21:50:39 | doing: ./dump/outputs_2023-01-02 - 18-47-44/interpolations/vincristine_0.1.png
21:50:54 | doing: ./dump/outputs_2023-01-02 - 18-47-44/interpolations/vincristine_0.3.png
21:51:10 | doing: ./dump/outputs_2023-01-02 - 18-47-44/interpolations/vincristine_1.0.png
21:51:25 | doing: ./dump/outputs_2023-01-02 - 18-47-44/interpolations/vincristine_3.0.png
21:51:41 | Plotting latent space heatmap
21:52:53 | Nearest neighbor classification (Not-Same-Compound)
21:53:01 | Model Accuracy: 76.22405372405373
21:53:01 | Model Precision: 77.35042735042737
21:53:01 | Model Recall: 76.22405372405373
21:53:01 | Model F1: 76.78310991105411
21:53:01 | output_folder is: ./dump/outputs_2023-01-02 - 18-47-44/
21:53:01 | script done.
