00:35:09 | output_folder is: ./dump/outputs_2023-01-02 - 18-47-44/
00:35:09 | Using device: cuda:0
00:35:11 | Using all metadata
00:35:11 | loaded metadata
00:35:11 | loading images
00:35:11 | Loading images from images.pt file
00:35:20 | loaded images
00:35:37 | model is of type CytoVAE
00:35:37 | model parameters are: {'num_epochs': 50, 'batch_size': 64, 'learning_rate': 0.001, 'weight_decay': 0.001, 'image_shape': array([ 3, 68, 68]), 'latent_features': 256, 'model_type': 'CytoVAE', 'beta': 1.0, 'p_norm': 2.0}
00:35:37 | Starting downstream tasks
00:35:38 | Extract a few images
00:35:43 | saved images
00:35:43 | Calculate latent representation for all images
00:35:44 | Profiling 0/476 batches of size 1024
00:35:44 | Profiling 1/476 batches of size 1024
00:35:44 | Profiling 2/476 batches of size 1024
00:35:44 | Profiling 3/476 batches of size 1024
00:35:44 | Profiling 4/476 batches of size 1024
00:35:44 | Profiling 5/476 batches of size 1024
00:35:45 | Profiling 6/476 batches of size 1024
00:35:45 | Profiling 7/476 batches of size 1024
00:35:45 | Profiling 8/476 batches of size 1024
00:35:45 | Profiling 9/476 batches of size 1024
00:35:45 | Profiling 10/476 batches of size 1024
00:35:45 | Profiling 11/476 batches of size 1024
00:35:45 | Profiling 12/476 batches of size 1024
00:35:45 | Profiling 13/476 batches of size 1024
00:35:45 | Profiling 14/476 batches of size 1024
00:35:45 | Profiling 15/476 batches of size 1024
00:35:45 | Profiling 16/476 batches of size 1024
00:35:45 | Profiling 17/476 batches of size 1024
00:35:45 | Profiling 18/476 batches of size 1024
00:35:45 | Profiling 19/476 batches of size 1024
00:35:45 | Profiling 20/476 batches of size 1024
00:35:45 | Profiling 21/476 batches of size 1024
00:35:45 | Profiling 22/476 batches of size 1024
00:35:45 | Profiling 23/476 batches of size 1024
00:35:45 | Profiling 24/476 batches of size 1024
00:35:46 | Profiling 25/476 batches of size 1024
00:35:46 | Profiling 26/476 batches of size 1024
00:35:46 | Profiling 27/476 batches of size 1024
00:35:46 | Profiling 28/476 batches of size 1024
00:35:46 | Profiling 29/476 batches of size 1024
00:35:46 | Profiling 30/476 batches of size 1024
00:35:46 | Profiling 31/476 batches of size 1024
00:35:46 | Profiling 32/476 batches of size 1024
00:35:46 | Profiling 33/476 batches of size 1024
00:35:46 | Profiling 34/476 batches of size 1024
00:35:46 | Profiling 35/476 batches of size 1024
00:35:46 | Profiling 36/476 batches of size 1024
00:35:46 | Profiling 37/476 batches of size 1024
00:35:46 | Profiling 38/476 batches of size 1024
00:35:47 | Profiling 39/476 batches of size 1024
00:35:47 | Profiling 40/476 batches of size 1024
00:35:47 | Profiling 41/476 batches of size 1024
00:35:47 | Profiling 42/476 batches of size 1024
00:35:47 | Profiling 43/476 batches of size 1024
00:35:47 | Profiling 44/476 batches of size 1024
00:35:47 | Profiling 45/476 batches of size 1024
00:35:47 | Profiling 46/476 batches of size 1024
00:35:47 | Profiling 47/476 batches of size 1024
00:35:47 | Profiling 48/476 batches of size 1024
00:35:47 | Profiling 49/476 batches of size 1024
00:35:47 | Profiling 50/476 batches of size 1024
00:35:48 | Profiling 51/476 batches of size 1024
00:35:48 | Profiling 52/476 batches of size 1024
00:35:48 | Profiling 53/476 batches of size 1024
00:35:48 | Profiling 54/476 batches of size 1024
00:35:48 | Profiling 55/476 batches of size 1024
00:35:48 | Profiling 56/476 batches of size 1024
00:35:48 | Profiling 57/476 batches of size 1024
00:35:48 | Profiling 58/476 batches of size 1024
00:35:48 | Profiling 59/476 batches of size 1024
00:35:48 | Profiling 60/476 batches of size 1024
00:35:49 | Profiling 61/476 batches of size 1024
00:35:49 | Profiling 62/476 batches of size 1024
00:35:49 | Profiling 63/476 batches of size 1024
00:35:49 | Profiling 64/476 batches of size 1024
00:35:49 | Profiling 65/476 batches of size 1024
00:35:49 | Profiling 66/476 batches of size 1024
00:35:49 | Profiling 67/476 batches of size 1024
00:35:49 | Profiling 68/476 batches of size 1024
00:35:49 | Profiling 69/476 batches of size 1024
00:35:50 | Profiling 70/476 batches of size 1024
00:35:50 | Profiling 71/476 batches of size 1024
00:35:50 | Profiling 72/476 batches of size 1024
00:35:50 | Profiling 73/476 batches of size 1024
00:35:50 | Profiling 74/476 batches of size 1024
00:35:50 | Profiling 75/476 batches of size 1024
00:35:50 | Profiling 76/476 batches of size 1024
00:35:50 | Profiling 77/476 batches of size 1024
00:35:51 | Profiling 78/476 batches of size 1024
00:35:51 | Profiling 79/476 batches of size 1024
00:35:51 | Profiling 80/476 batches of size 1024
00:35:51 | Profiling 81/476 batches of size 1024
00:35:51 | Profiling 82/476 batches of size 1024
00:35:51 | Profiling 83/476 batches of size 1024
00:35:51 | Profiling 84/476 batches of size 1024
00:35:51 | Profiling 85/476 batches of size 1024
00:35:52 | Profiling 86/476 batches of size 1024
00:35:52 | Profiling 87/476 batches of size 1024
00:35:52 | Profiling 88/476 batches of size 1024
00:35:52 | Profiling 89/476 batches of size 1024
00:35:52 | Profiling 90/476 batches of size 1024
00:35:52 | Profiling 91/476 batches of size 1024
00:35:52 | Profiling 92/476 batches of size 1024
00:35:53 | Profiling 93/476 batches of size 1024
00:35:53 | Profiling 94/476 batches of size 1024
00:35:53 | Profiling 95/476 batches of size 1024
00:35:53 | Profiling 96/476 batches of size 1024
00:35:53 | Profiling 97/476 batches of size 1024
00:35:53 | Profiling 98/476 batches of size 1024
00:35:54 | Profiling 99/476 batches of size 1024
00:35:54 | Profiling 100/476 batches of size 1024
00:35:54 | Profiling 101/476 batches of size 1024
00:35:54 | Profiling 102/476 batches of size 1024
00:35:54 | Profiling 103/476 batches of size 1024
00:35:54 | Profiling 104/476 batches of size 1024
00:35:54 | Profiling 105/476 batches of size 1024
00:35:55 | Profiling 106/476 batches of size 1024
00:35:55 | Profiling 107/476 batches of size 1024
00:35:55 | Profiling 108/476 batches of size 1024
00:35:55 | Profiling 109/476 batches of size 1024
00:35:55 | Profiling 110/476 batches of size 1024
00:35:55 | Profiling 111/476 batches of size 1024
00:35:56 | Profiling 112/476 batches of size 1024
00:35:56 | Profiling 113/476 batches of size 1024
00:35:56 | Profiling 114/476 batches of size 1024
00:35:56 | Profiling 115/476 batches of size 1024
00:35:56 | Profiling 116/476 batches of size 1024
00:35:56 | Profiling 117/476 batches of size 1024
00:35:57 | Profiling 118/476 batches of size 1024
00:35:57 | Profiling 119/476 batches of size 1024
00:35:57 | Profiling 120/476 batches of size 1024
00:35:57 | Profiling 121/476 batches of size 1024
00:35:57 | Profiling 122/476 batches of size 1024
00:35:58 | Profiling 123/476 batches of size 1024
00:35:58 | Profiling 124/476 batches of size 1024
00:35:58 | Profiling 125/476 batches of size 1024
00:35:58 | Profiling 126/476 batches of size 1024
00:35:58 | Profiling 127/476 batches of size 1024
00:35:58 | Profiling 128/476 batches of size 1024
00:35:59 | Profiling 129/476 batches of size 1024
00:35:59 | Profiling 130/476 batches of size 1024
00:35:59 | Profiling 131/476 batches of size 1024
00:35:59 | Profiling 132/476 batches of size 1024
00:35:59 | Profiling 133/476 batches of size 1024
00:36:00 | Profiling 134/476 batches of size 1024
00:36:00 | Profiling 135/476 batches of size 1024
00:36:00 | Profiling 136/476 batches of size 1024
00:36:00 | Profiling 137/476 batches of size 1024
00:36:00 | Profiling 138/476 batches of size 1024
00:36:01 | Profiling 139/476 batches of size 1024
00:36:01 | Profiling 140/476 batches of size 1024
00:36:01 | Profiling 141/476 batches of size 1024
00:36:01 | Profiling 142/476 batches of size 1024
00:36:01 | Profiling 143/476 batches of size 1024
00:36:02 | Profiling 144/476 batches of size 1024
00:36:02 | Profiling 145/476 batches of size 1024
00:36:02 | Profiling 146/476 batches of size 1024
00:36:02 | Profiling 147/476 batches of size 1024
00:36:02 | Profiling 148/476 batches of size 1024
00:36:03 | Profiling 149/476 batches of size 1024
00:36:03 | Profiling 150/476 batches of size 1024
00:36:03 | Profiling 151/476 batches of size 1024
00:36:03 | Profiling 152/476 batches of size 1024
00:36:03 | Profiling 153/476 batches of size 1024
00:36:04 | Profiling 154/476 batches of size 1024
00:36:04 | Profiling 155/476 batches of size 1024
00:36:04 | Profiling 156/476 batches of size 1024
00:36:04 | Profiling 157/476 batches of size 1024
00:36:05 | Profiling 158/476 batches of size 1024
00:36:05 | Profiling 159/476 batches of size 1024
00:36:05 | Profiling 160/476 batches of size 1024
00:36:05 | Profiling 161/476 batches of size 1024
00:36:05 | Profiling 162/476 batches of size 1024
00:36:06 | Profiling 163/476 batches of size 1024
00:36:06 | Profiling 164/476 batches of size 1024
00:36:06 | Profiling 165/476 batches of size 1024
00:36:06 | Profiling 166/476 batches of size 1024
00:36:07 | Profiling 167/476 batches of size 1024
00:36:07 | Profiling 168/476 batches of size 1024
00:36:07 | Profiling 169/476 batches of size 1024
00:36:07 | Profiling 170/476 batches of size 1024
00:36:07 | Profiling 171/476 batches of size 1024
00:36:08 | Profiling 172/476 batches of size 1024
00:36:08 | Profiling 173/476 batches of size 1024
00:36:08 | Profiling 174/476 batches of size 1024
00:36:08 | Profiling 175/476 batches of size 1024
00:36:09 | Profiling 176/476 batches of size 1024
00:36:09 | Profiling 177/476 batches of size 1024
00:36:09 | Profiling 178/476 batches of size 1024
00:36:09 | Profiling 179/476 batches of size 1024
00:36:10 | Profiling 180/476 batches of size 1024
00:36:10 | Profiling 181/476 batches of size 1024
00:36:10 | Profiling 182/476 batches of size 1024
00:36:10 | Profiling 183/476 batches of size 1024
00:36:11 | Profiling 184/476 batches of size 1024
00:36:11 | Profiling 185/476 batches of size 1024
00:36:11 | Profiling 186/476 batches of size 1024
00:36:11 | Profiling 187/476 batches of size 1024
00:36:12 | Profiling 188/476 batches of size 1024
00:36:12 | Profiling 189/476 batches of size 1024
00:36:12 | Profiling 190/476 batches of size 1024
00:36:12 | Profiling 191/476 batches of size 1024
00:36:13 | Profiling 192/476 batches of size 1024
00:36:13 | Profiling 193/476 batches of size 1024
00:36:13 | Profiling 194/476 batches of size 1024
00:36:13 | Profiling 195/476 batches of size 1024
00:36:14 | Profiling 196/476 batches of size 1024
00:36:14 | Profiling 197/476 batches of size 1024
00:36:14 | Profiling 198/476 batches of size 1024
00:36:14 | Profiling 199/476 batches of size 1024
00:36:15 | Profiling 200/476 batches of size 1024
00:36:15 | Profiling 201/476 batches of size 1024
00:36:15 | Profiling 202/476 batches of size 1024
00:36:16 | Profiling 203/476 batches of size 1024
00:36:16 | Profiling 204/476 batches of size 1024
00:36:16 | Profiling 205/476 batches of size 1024
00:36:16 | Profiling 206/476 batches of size 1024
00:36:17 | Profiling 207/476 batches of size 1024
00:36:17 | Profiling 208/476 batches of size 1024
00:36:17 | Profiling 209/476 batches of size 1024
00:36:17 | Profiling 210/476 batches of size 1024
00:36:18 | Profiling 211/476 batches of size 1024
00:36:18 | Profiling 212/476 batches of size 1024
00:36:18 | Profiling 213/476 batches of size 1024
00:36:19 | Profiling 214/476 batches of size 1024
00:36:19 | Profiling 215/476 batches of size 1024
00:36:19 | Profiling 216/476 batches of size 1024
00:36:19 | Profiling 217/476 batches of size 1024
00:36:20 | Profiling 218/476 batches of size 1024
00:36:20 | Profiling 219/476 batches of size 1024
00:36:20 | Profiling 220/476 batches of size 1024
00:36:21 | Profiling 221/476 batches of size 1024
00:36:21 | Profiling 222/476 batches of size 1024
00:36:21 | Profiling 223/476 batches of size 1024
00:36:22 | Profiling 224/476 batches of size 1024
00:36:22 | Profiling 225/476 batches of size 1024
00:36:22 | Profiling 226/476 batches of size 1024
00:36:22 | Profiling 227/476 batches of size 1024
00:36:23 | Profiling 228/476 batches of size 1024
00:36:23 | Profiling 229/476 batches of size 1024
00:36:23 | Profiling 230/476 batches of size 1024
00:36:24 | Profiling 231/476 batches of size 1024
00:36:24 | Profiling 232/476 batches of size 1024
00:36:24 | Profiling 233/476 batches of size 1024
00:36:25 | Profiling 234/476 batches of size 1024
00:36:25 | Profiling 235/476 batches of size 1024
00:36:25 | Profiling 236/476 batches of size 1024
00:36:26 | Profiling 237/476 batches of size 1024
00:36:26 | Profiling 238/476 batches of size 1024
00:36:26 | Profiling 239/476 batches of size 1024
00:36:26 | Profiling 240/476 batches of size 1024
00:36:27 | Profiling 241/476 batches of size 1024
00:36:27 | Profiling 242/476 batches of size 1024
00:36:27 | Profiling 243/476 batches of size 1024
00:36:28 | Profiling 244/476 batches of size 1024
00:36:28 | Profiling 245/476 batches of size 1024
00:36:28 | Profiling 246/476 batches of size 1024
00:36:29 | Profiling 247/476 batches of size 1024
00:36:29 | Profiling 248/476 batches of size 1024
00:36:29 | Profiling 249/476 batches of size 1024
00:36:30 | Profiling 250/476 batches of size 1024
00:36:30 | Profiling 251/476 batches of size 1024
00:36:30 | Profiling 252/476 batches of size 1024
00:36:31 | Profiling 253/476 batches of size 1024
00:36:31 | Profiling 254/476 batches of size 1024
00:36:31 | Profiling 255/476 batches of size 1024
00:36:32 | Profiling 256/476 batches of size 1024
00:36:32 | Profiling 257/476 batches of size 1024
00:36:32 | Profiling 258/476 batches of size 1024
00:36:33 | Profiling 259/476 batches of size 1024
00:36:33 | Profiling 260/476 batches of size 1024
00:36:33 | Profiling 261/476 batches of size 1024
00:36:34 | Profiling 262/476 batches of size 1024
00:36:34 | Profiling 263/476 batches of size 1024
00:36:34 | Profiling 264/476 batches of size 1024
00:36:35 | Profiling 265/476 batches of size 1024
00:36:35 | Profiling 266/476 batches of size 1024
00:36:35 | Profiling 267/476 batches of size 1024
00:36:36 | Profiling 268/476 batches of size 1024
00:36:36 | Profiling 269/476 batches of size 1024
00:36:36 | Profiling 270/476 batches of size 1024
00:36:37 | Profiling 271/476 batches of size 1024
00:36:37 | Profiling 272/476 batches of size 1024
00:36:38 | Profiling 273/476 batches of size 1024
00:36:38 | Profiling 274/476 batches of size 1024
00:36:38 | Profiling 275/476 batches of size 1024
00:36:39 | Profiling 276/476 batches of size 1024
00:36:39 | Profiling 277/476 batches of size 1024
00:36:39 | Profiling 278/476 batches of size 1024
00:36:40 | Profiling 279/476 batches of size 1024
00:36:40 | Profiling 280/476 batches of size 1024
00:36:40 | Profiling 281/476 batches of size 1024
00:36:41 | Profiling 282/476 batches of size 1024
00:36:41 | Profiling 283/476 batches of size 1024
00:36:41 | Profiling 284/476 batches of size 1024
00:36:42 | Profiling 285/476 batches of size 1024
00:36:42 | Profiling 286/476 batches of size 1024
00:36:43 | Profiling 287/476 batches of size 1024
00:36:43 | Profiling 288/476 batches of size 1024
00:36:43 | Profiling 289/476 batches of size 1024
00:36:44 | Profiling 290/476 batches of size 1024
00:36:44 | Profiling 291/476 batches of size 1024
00:36:44 | Profiling 292/476 batches of size 1024
00:36:45 | Profiling 293/476 batches of size 1024
00:36:45 | Profiling 294/476 batches of size 1024
00:36:46 | Profiling 295/476 batches of size 1024
00:36:46 | Profiling 296/476 batches of size 1024
00:36:46 | Profiling 297/476 batches of size 1024
00:36:47 | Profiling 298/476 batches of size 1024
00:36:47 | Profiling 299/476 batches of size 1024
00:36:48 | Profiling 300/476 batches of size 1024
00:36:48 | Profiling 301/476 batches of size 1024
00:36:48 | Profiling 302/476 batches of size 1024
00:36:49 | Profiling 303/476 batches of size 1024
00:36:49 | Profiling 304/476 batches of size 1024
00:36:49 | Profiling 305/476 batches of size 1024
00:36:50 | Profiling 306/476 batches of size 1024
00:36:50 | Profiling 307/476 batches of size 1024
00:36:51 | Profiling 308/476 batches of size 1024
00:36:51 | Profiling 309/476 batches of size 1024
00:36:51 | Profiling 310/476 batches of size 1024
00:36:52 | Profiling 311/476 batches of size 1024
00:36:52 | Profiling 312/476 batches of size 1024
00:36:53 | Profiling 313/476 batches of size 1024
00:36:53 | Profiling 314/476 batches of size 1024
00:36:53 | Profiling 315/476 batches of size 1024
00:36:54 | Profiling 316/476 batches of size 1024
00:36:54 | Profiling 317/476 batches of size 1024
00:36:55 | Profiling 318/476 batches of size 1024
00:36:55 | Profiling 319/476 batches of size 1024
00:36:55 | Profiling 320/476 batches of size 1024
00:36:56 | Profiling 321/476 batches of size 1024
00:36:56 | Profiling 322/476 batches of size 1024
00:36:57 | Profiling 323/476 batches of size 1024
00:36:57 | Profiling 324/476 batches of size 1024
00:36:58 | Profiling 325/476 batches of size 1024
00:36:58 | Profiling 326/476 batches of size 1024
00:36:58 | Profiling 327/476 batches of size 1024
00:36:59 | Profiling 328/476 batches of size 1024
00:36:59 | Profiling 329/476 batches of size 1024
00:37:00 | Profiling 330/476 batches of size 1024
00:37:00 | Profiling 331/476 batches of size 1024
00:37:00 | Profiling 332/476 batches of size 1024
00:37:01 | Profiling 333/476 batches of size 1024
00:37:01 | Profiling 334/476 batches of size 1024
00:37:02 | Profiling 335/476 batches of size 1024
00:37:02 | Profiling 336/476 batches of size 1024
00:37:03 | Profiling 337/476 batches of size 1024
00:37:03 | Profiling 338/476 batches of size 1024
00:37:03 | Profiling 339/476 batches of size 1024
00:37:04 | Profiling 340/476 batches of size 1024
00:37:04 | Profiling 341/476 batches of size 1024
00:37:05 | Profiling 342/476 batches of size 1024
00:37:05 | Profiling 343/476 batches of size 1024
00:37:06 | Profiling 344/476 batches of size 1024
00:37:06 | Profiling 345/476 batches of size 1024
00:37:07 | Profiling 346/476 batches of size 1024
00:37:07 | Profiling 347/476 batches of size 1024
00:37:07 | Profiling 348/476 batches of size 1024
00:37:08 | Profiling 349/476 batches of size 1024
00:37:08 | Profiling 350/476 batches of size 1024
00:37:09 | Profiling 351/476 batches of size 1024
00:37:09 | Profiling 352/476 batches of size 1024
00:37:10 | Profiling 353/476 batches of size 1024
00:37:10 | Profiling 354/476 batches of size 1024
00:37:11 | Profiling 355/476 batches of size 1024
00:37:11 | Profiling 356/476 batches of size 1024
00:37:11 | Profiling 357/476 batches of size 1024
00:37:12 | Profiling 358/476 batches of size 1024
00:37:12 | Profiling 359/476 batches of size 1024
00:37:13 | Profiling 360/476 batches of size 1024
00:37:13 | Profiling 361/476 batches of size 1024
00:37:14 | Profiling 362/476 batches of size 1024
00:37:14 | Profiling 363/476 batches of size 1024
00:37:15 | Profiling 364/476 batches of size 1024
00:37:15 | Profiling 365/476 batches of size 1024
00:37:16 | Profiling 366/476 batches of size 1024
00:37:16 | Profiling 367/476 batches of size 1024
00:37:16 | Profiling 368/476 batches of size 1024
00:37:17 | Profiling 369/476 batches of size 1024
00:37:17 | Profiling 370/476 batches of size 1024
00:37:18 | Profiling 371/476 batches of size 1024
00:37:18 | Profiling 372/476 batches of size 1024
00:37:19 | Profiling 373/476 batches of size 1024
00:37:19 | Profiling 374/476 batches of size 1024
00:37:20 | Profiling 375/476 batches of size 1024
00:37:20 | Profiling 376/476 batches of size 1024
00:37:21 | Profiling 377/476 batches of size 1024
00:37:21 | Profiling 378/476 batches of size 1024
00:37:22 | Profiling 379/476 batches of size 1024
00:37:22 | Profiling 380/476 batches of size 1024
00:37:23 | Profiling 381/476 batches of size 1024
00:37:23 | Profiling 382/476 batches of size 1024
00:37:24 | Profiling 383/476 batches of size 1024
00:37:24 | Profiling 384/476 batches of size 1024
00:37:25 | Profiling 385/476 batches of size 1024
00:37:25 | Profiling 386/476 batches of size 1024
00:37:25 | Profiling 387/476 batches of size 1024
00:37:26 | Profiling 388/476 batches of size 1024
00:37:26 | Profiling 389/476 batches of size 1024
00:37:27 | Profiling 390/476 batches of size 1024
00:37:27 | Profiling 391/476 batches of size 1024
00:37:28 | Profiling 392/476 batches of size 1024
00:37:28 | Profiling 393/476 batches of size 1024
00:37:29 | Profiling 394/476 batches of size 1024
00:37:29 | Profiling 395/476 batches of size 1024
00:37:30 | Profiling 396/476 batches of size 1024
00:37:30 | Profiling 397/476 batches of size 1024
00:37:31 | Profiling 398/476 batches of size 1024
00:37:31 | Profiling 399/476 batches of size 1024
00:37:32 | Profiling 400/476 batches of size 1024
00:37:32 | Profiling 401/476 batches of size 1024
00:37:33 | Profiling 402/476 batches of size 1024
00:37:33 | Profiling 403/476 batches of size 1024
00:37:34 | Profiling 404/476 batches of size 1024
00:37:34 | Profiling 405/476 batches of size 1024
00:37:35 | Profiling 406/476 batches of size 1024
00:37:35 | Profiling 407/476 batches of size 1024
00:37:36 | Profiling 408/476 batches of size 1024
00:37:36 | Profiling 409/476 batches of size 1024
00:37:37 | Profiling 410/476 batches of size 1024
00:37:37 | Profiling 411/476 batches of size 1024
00:37:38 | Profiling 412/476 batches of size 1024
00:37:38 | Profiling 413/476 batches of size 1024
00:37:39 | Profiling 414/476 batches of size 1024
00:37:40 | Profiling 415/476 batches of size 1024
00:37:40 | Profiling 416/476 batches of size 1024
00:37:41 | Profiling 417/476 batches of size 1024
00:37:41 | Profiling 418/476 batches of size 1024
00:37:42 | Profiling 419/476 batches of size 1024
00:37:42 | Profiling 420/476 batches of size 1024
00:37:43 | Profiling 421/476 batches of size 1024
00:37:43 | Profiling 422/476 batches of size 1024
00:37:44 | Profiling 423/476 batches of size 1024
00:37:44 | Profiling 424/476 batches of size 1024
00:37:45 | Profiling 425/476 batches of size 1024
00:37:45 | Profiling 426/476 batches of size 1024
00:37:46 | Profiling 427/476 batches of size 1024
00:37:46 | Profiling 428/476 batches of size 1024
00:37:47 | Profiling 429/476 batches of size 1024
00:37:47 | Profiling 430/476 batches of size 1024
00:37:48 | Profiling 431/476 batches of size 1024
00:37:48 | Profiling 432/476 batches of size 1024
00:37:49 | Profiling 433/476 batches of size 1024
00:37:50 | Profiling 434/476 batches of size 1024
00:37:50 | Profiling 435/476 batches of size 1024
00:37:51 | Profiling 436/476 batches of size 1024
00:37:51 | Profiling 437/476 batches of size 1024
00:37:52 | Profiling 438/476 batches of size 1024
00:37:52 | Profiling 439/476 batches of size 1024
00:37:53 | Profiling 440/476 batches of size 1024
00:37:53 | Profiling 441/476 batches of size 1024
00:37:54 | Profiling 442/476 batches of size 1024
00:37:54 | Profiling 443/476 batches of size 1024
00:37:55 | Profiling 444/476 batches of size 1024
00:37:56 | Profiling 445/476 batches of size 1024
00:37:56 | Profiling 446/476 batches of size 1024
00:37:57 | Profiling 447/476 batches of size 1024
00:37:57 | Profiling 448/476 batches of size 1024
00:37:58 | Profiling 449/476 batches of size 1024
00:37:58 | Profiling 450/476 batches of size 1024
00:37:59 | Profiling 451/476 batches of size 1024
00:37:59 | Profiling 452/476 batches of size 1024
00:38:00 | Profiling 453/476 batches of size 1024
00:38:01 | Profiling 454/476 batches of size 1024
00:38:01 | Profiling 455/476 batches of size 1024
00:38:02 | Profiling 456/476 batches of size 1024
00:38:02 | Profiling 457/476 batches of size 1024
00:38:03 | Profiling 458/476 batches of size 1024
00:38:03 | Profiling 459/476 batches of size 1024
00:38:04 | Profiling 460/476 batches of size 1024
00:38:05 | Profiling 461/476 batches of size 1024
00:38:05 | Profiling 462/476 batches of size 1024
00:38:06 | Profiling 463/476 batches of size 1024
00:38:06 | Profiling 464/476 batches of size 1024
00:38:07 | Profiling 465/476 batches of size 1024
00:38:07 | Profiling 466/476 batches of size 1024
00:38:08 | Profiling 467/476 batches of size 1024
00:38:09 | Profiling 468/476 batches of size 1024
00:38:09 | Profiling 469/476 batches of size 1024
00:38:10 | Profiling 470/476 batches of size 1024
00:38:10 | Profiling 471/476 batches of size 1024
00:38:11 | Profiling 472/476 batches of size 1024
00:38:12 | Profiling 473/476 batches of size 1024
00:38:12 | Profiling 474/476 batches of size 1024
00:38:13 | Profiling 475/476 batches of size 1024
00:38:13 | Profiling 476/476 batches of size 972
00:38:13 | Done calculating latent space
00:38:13 | Plotting interpolations of reconstructions
00:38:14 | doing: ./dump/outputs_2023-01-02 - 18-47-44/interpolations/ALLN_100.0.png
00:38:24 | Plotting latent space heatmap
00:39:26 | Nearest neighbor classification (Not-Same-Compound)
00:39:31 | [[ 4.  0.  0.  0.  0.  0.  0.  1.  0.  0.  0.  0.  0.]
 [ 0. 12.  0.  0.  0.  0.  0.  0.  0.  0.  0.  0.  0.]
 [ 0.  0.  6.  0.  0.  0.  0.  0.  0.  0.  0.  0.  0.]
 [ 0.  0.  0.  0.  1.  0.  0.  0.  0.  0.  0.  0.  0.]
 [ 0.  0.  0.  1.  8.  0.  0.  0.  0.  0.  0.  0.  0.]
 [ 0.  0.  0.  0.  0.  5.  0.  0.  0.  0.  0.  3.  0.]
 [ 0.  0.  0.  0.  0.  0.  9.  0.  0.  0.  3.  0.  0.]
 [ 0.  0.  0.  0.  0.  0.  0.  8.  0.  0.  0.  0.  0.]
 [ 0.  0.  0.  0.  0.  0.  0.  0.  5.  0.  0.  0.  0.]
 [ 1.  0.  0.  0.  0.  0.  0.  0.  0. 11.  1.  1.  0.]
 [ 0.  0.  0.  0.  0.  0.  0.  0.  0.  0.  9.  0.  0.]
 [ 0.  0.  0.  2.  2.  0.  0.  0.  0.  0.  0.  2.  1.]
 [ 0.  0.  0.  0.  0.  0.  0.  0.  0.  0.  0.  0.  8.]]
00:39:32 | Model Accuracy: 83.65384615384616
00:39:32 | output_folder is: ./dump/outputs_2023-01-02 - 18-47-44/
00:39:32 | script done.
