23:50:17 | output_folder is: ./dump/outputs_2023-01-02 - 19-35-10/
23:50:17 | Using device: cuda:0
23:50:18 | Using all metadata
23:50:18 | loaded metadata
23:50:18 | loading images
23:50:18 | Loading images from images.pt file
23:50:29 | loaded images
23:50:46 | model is of type SparseVAE
23:50:46 | model parameters are: {'num_epochs': 50, 'batch_size': 64, 'learning_rate': 0.001, 'weight_decay': 0.001, 'image_shape': array([ 3, 68, 68]), 'latent_features': 256, 'model_type': 'SparseVAE', 'alpha': 0.1, 'beta': 1.0, 'p_norm': 2.0}
23:50:46 | Starting downstream tasks
23:50:47 | Extract a few images
23:50:51 | saved images
23:50:51 | Calculate latent representation for all images
23:50:53 | Profiling 0/476 batches of size 1024
23:50:53 | Profiling 1/476 batches of size 1024
23:50:53 | Profiling 2/476 batches of size 1024
23:50:53 | Profiling 3/476 batches of size 1024
23:50:53 | Profiling 4/476 batches of size 1024
23:50:53 | Profiling 5/476 batches of size 1024
23:50:53 | Profiling 6/476 batches of size 1024
23:50:53 | Profiling 7/476 batches of size 1024
23:50:53 | Profiling 8/476 batches of size 1024
23:50:53 | Profiling 9/476 batches of size 1024
23:50:53 | Profiling 10/476 batches of size 1024
23:50:53 | Profiling 11/476 batches of size 1024
23:50:54 | Profiling 12/476 batches of size 1024
23:50:54 | Profiling 13/476 batches of size 1024
23:50:54 | Profiling 14/476 batches of size 1024
23:50:54 | Profiling 15/476 batches of size 1024
23:50:54 | Profiling 16/476 batches of size 1024
23:50:54 | Profiling 17/476 batches of size 1024
23:50:54 | Profiling 18/476 batches of size 1024
23:50:54 | Profiling 19/476 batches of size 1024
23:50:54 | Profiling 20/476 batches of size 1024
23:50:54 | Profiling 21/476 batches of size 1024
23:50:54 | Profiling 22/476 batches of size 1024
23:50:54 | Profiling 23/476 batches of size 1024
23:50:54 | Profiling 24/476 batches of size 1024
23:50:54 | Profiling 25/476 batches of size 1024
23:50:54 | Profiling 26/476 batches of size 1024
23:50:54 | Profiling 27/476 batches of size 1024
23:50:54 | Profiling 28/476 batches of size 1024
23:50:55 | Profiling 29/476 batches of size 1024
23:50:55 | Profiling 30/476 batches of size 1024
23:50:55 | Profiling 31/476 batches of size 1024
23:50:55 | Profiling 32/476 batches of size 1024
23:50:55 | Profiling 33/476 batches of size 1024
23:50:55 | Profiling 34/476 batches of size 1024
23:50:55 | Profiling 35/476 batches of size 1024
23:50:55 | Profiling 36/476 batches of size 1024
23:50:55 | Profiling 37/476 batches of size 1024
23:50:55 | Profiling 38/476 batches of size 1024
23:50:55 | Profiling 39/476 batches of size 1024
23:50:55 | Profiling 40/476 batches of size 1024
23:50:55 | Profiling 41/476 batches of size 1024
23:50:55 | Profiling 42/476 batches of size 1024
23:50:56 | Profiling 43/476 batches of size 1024
23:50:56 | Profiling 44/476 batches of size 1024
23:50:56 | Profiling 45/476 batches of size 1024
23:50:56 | Profiling 46/476 batches of size 1024
23:50:56 | Profiling 47/476 batches of size 1024
23:50:56 | Profiling 48/476 batches of size 1024
23:50:56 | Profiling 49/476 batches of size 1024
23:50:56 | Profiling 50/476 batches of size 1024
23:50:56 | Profiling 51/476 batches of size 1024
23:50:56 | Profiling 52/476 batches of size 1024
23:50:56 | Profiling 53/476 batches of size 1024
23:50:57 | Profiling 54/476 batches of size 1024
23:50:57 | Profiling 55/476 batches of size 1024
23:50:57 | Profiling 56/476 batches of size 1024
23:50:57 | Profiling 57/476 batches of size 1024
23:50:57 | Profiling 58/476 batches of size 1024
23:50:57 | Profiling 59/476 batches of size 1024
23:50:57 | Profiling 60/476 batches of size 1024
23:50:57 | Profiling 61/476 batches of size 1024
23:50:57 | Profiling 62/476 batches of size 1024
23:50:57 | Profiling 63/476 batches of size 1024
23:50:58 | Profiling 64/476 batches of size 1024
23:50:58 | Profiling 65/476 batches of size 1024
23:50:58 | Profiling 66/476 batches of size 1024
23:50:58 | Profiling 67/476 batches of size 1024
23:50:58 | Profiling 68/476 batches of size 1024
23:50:58 | Profiling 69/476 batches of size 1024
23:50:58 | Profiling 70/476 batches of size 1024
23:50:58 | Profiling 71/476 batches of size 1024
23:50:59 | Profiling 72/476 batches of size 1024
23:50:59 | Profiling 73/476 batches of size 1024
23:50:59 | Profiling 74/476 batches of size 1024
23:50:59 | Profiling 75/476 batches of size 1024
23:50:59 | Profiling 76/476 batches of size 1024
23:50:59 | Profiling 77/476 batches of size 1024
23:50:59 | Profiling 78/476 batches of size 1024
23:50:59 | Profiling 79/476 batches of size 1024
23:51:00 | Profiling 80/476 batches of size 1024
23:51:00 | Profiling 81/476 batches of size 1024
23:51:00 | Profiling 82/476 batches of size 1024
23:51:00 | Profiling 83/476 batches of size 1024
23:51:00 | Profiling 84/476 batches of size 1024
23:51:00 | Profiling 85/476 batches of size 1024
23:51:00 | Profiling 86/476 batches of size 1024
23:51:01 | Profiling 87/476 batches of size 1024
23:51:01 | Profiling 88/476 batches of size 1024
23:51:01 | Profiling 89/476 batches of size 1024
23:51:01 | Profiling 90/476 batches of size 1024
23:51:01 | Profiling 91/476 batches of size 1024
23:51:01 | Profiling 92/476 batches of size 1024
23:51:01 | Profiling 93/476 batches of size 1024
23:51:02 | Profiling 94/476 batches of size 1024
23:51:02 | Profiling 95/476 batches of size 1024
23:51:02 | Profiling 96/476 batches of size 1024
23:51:02 | Profiling 97/476 batches of size 1024
23:51:02 | Profiling 98/476 batches of size 1024
23:51:02 | Profiling 99/476 batches of size 1024
23:51:02 | Profiling 100/476 batches of size 1024
23:51:03 | Profiling 101/476 batches of size 1024
23:51:03 | Profiling 102/476 batches of size 1024
23:51:03 | Profiling 103/476 batches of size 1024
23:51:03 | Profiling 104/476 batches of size 1024
23:51:03 | Profiling 105/476 batches of size 1024
23:51:03 | Profiling 106/476 batches of size 1024
23:51:04 | Profiling 107/476 batches of size 1024
23:51:04 | Profiling 108/476 batches of size 1024
23:51:04 | Profiling 109/476 batches of size 1024
23:51:04 | Profiling 110/476 batches of size 1024
23:51:04 | Profiling 111/476 batches of size 1024
23:51:04 | Profiling 112/476 batches of size 1024
23:51:05 | Profiling 113/476 batches of size 1024
23:51:05 | Profiling 114/476 batches of size 1024
23:51:05 | Profiling 115/476 batches of size 1024
23:51:05 | Profiling 116/476 batches of size 1024
23:51:05 | Profiling 117/476 batches of size 1024
23:51:05 | Profiling 118/476 batches of size 1024
23:51:06 | Profiling 119/476 batches of size 1024
23:51:06 | Profiling 120/476 batches of size 1024
23:51:06 | Profiling 121/476 batches of size 1024
23:51:06 | Profiling 122/476 batches of size 1024
23:51:06 | Profiling 123/476 batches of size 1024
23:51:06 | Profiling 124/476 batches of size 1024
23:51:07 | Profiling 125/476 batches of size 1024
23:51:07 | Profiling 126/476 batches of size 1024
23:51:07 | Profiling 127/476 batches of size 1024
23:51:07 | Profiling 128/476 batches of size 1024
23:51:07 | Profiling 129/476 batches of size 1024
23:51:08 | Profiling 130/476 batches of size 1024
23:51:08 | Profiling 131/476 batches of size 1024
23:51:08 | Profiling 132/476 batches of size 1024
23:51:08 | Profiling 133/476 batches of size 1024
23:51:08 | Profiling 134/476 batches of size 1024
23:51:09 | Profiling 135/476 batches of size 1024
23:51:09 | Profiling 136/476 batches of size 1024
23:51:09 | Profiling 137/476 batches of size 1024
23:51:09 | Profiling 138/476 batches of size 1024
23:51:09 | Profiling 139/476 batches of size 1024
23:51:09 | Profiling 140/476 batches of size 1024
23:51:10 | Profiling 141/476 batches of size 1024
23:51:10 | Profiling 142/476 batches of size 1024
23:51:10 | Profiling 143/476 batches of size 1024
23:51:10 | Profiling 144/476 batches of size 1024
23:51:10 | Profiling 145/476 batches of size 1024
23:51:11 | Profiling 146/476 batches of size 1024
23:51:11 | Profiling 147/476 batches of size 1024
23:51:11 | Profiling 148/476 batches of size 1024
23:51:11 | Profiling 149/476 batches of size 1024
23:51:12 | Profiling 150/476 batches of size 1024
23:51:12 | Profiling 151/476 batches of size 1024
23:51:12 | Profiling 152/476 batches of size 1024
23:51:12 | Profiling 153/476 batches of size 1024
23:51:12 | Profiling 154/476 batches of size 1024
23:51:13 | Profiling 155/476 batches of size 1024
23:51:13 | Profiling 156/476 batches of size 1024
23:51:13 | Profiling 157/476 batches of size 1024
23:51:13 | Profiling 158/476 batches of size 1024
23:51:13 | Profiling 159/476 batches of size 1024
23:51:14 | Profiling 160/476 batches of size 1024
23:51:14 | Profiling 161/476 batches of size 1024
23:51:14 | Profiling 162/476 batches of size 1024
23:51:14 | Profiling 163/476 batches of size 1024
23:51:15 | Profiling 164/476 batches of size 1024
23:51:15 | Profiling 165/476 batches of size 1024
23:51:15 | Profiling 166/476 batches of size 1024
23:51:15 | Profiling 167/476 batches of size 1024
23:51:16 | Profiling 168/476 batches of size 1024
23:51:16 | Profiling 169/476 batches of size 1024
23:51:16 | Profiling 170/476 batches of size 1024
23:51:16 | Profiling 171/476 batches of size 1024
23:51:16 | Profiling 172/476 batches of size 1024
23:51:17 | Profiling 173/476 batches of size 1024
23:51:17 | Profiling 174/476 batches of size 1024
23:51:17 | Profiling 175/476 batches of size 1024
23:51:17 | Profiling 176/476 batches of size 1024
23:51:18 | Profiling 177/476 batches of size 1024
23:51:18 | Profiling 178/476 batches of size 1024
23:51:18 | Profiling 179/476 batches of size 1024
23:51:18 | Profiling 180/476 batches of size 1024
23:51:19 | Profiling 181/476 batches of size 1024
23:51:19 | Profiling 182/476 batches of size 1024
23:51:19 | Profiling 183/476 batches of size 1024
23:51:19 | Profiling 184/476 batches of size 1024
23:51:20 | Profiling 185/476 batches of size 1024
23:51:20 | Profiling 186/476 batches of size 1024
23:51:20 | Profiling 187/476 batches of size 1024
23:51:20 | Profiling 188/476 batches of size 1024
23:51:21 | Profiling 189/476 batches of size 1024
23:51:21 | Profiling 190/476 batches of size 1024
23:51:21 | Profiling 191/476 batches of size 1024
23:51:21 | Profiling 192/476 batches of size 1024
23:51:22 | Profiling 193/476 batches of size 1024
23:51:22 | Profiling 194/476 batches of size 1024
23:51:22 | Profiling 195/476 batches of size 1024
23:51:22 | Profiling 196/476 batches of size 1024
23:51:23 | Profiling 197/476 batches of size 1024
23:51:23 | Profiling 198/476 batches of size 1024
23:51:23 | Profiling 199/476 batches of size 1024
23:51:24 | Profiling 200/476 batches of size 1024
23:51:24 | Profiling 201/476 batches of size 1024
23:51:24 | Profiling 202/476 batches of size 1024
23:51:24 | Profiling 203/476 batches of size 1024
23:51:25 | Profiling 204/476 batches of size 1024
23:51:25 | Profiling 205/476 batches of size 1024
23:51:25 | Profiling 206/476 batches of size 1024
23:51:25 | Profiling 207/476 batches of size 1024
23:51:26 | Profiling 208/476 batches of size 1024
23:51:26 | Profiling 209/476 batches of size 1024
23:51:26 | Profiling 210/476 batches of size 1024
23:51:27 | Profiling 211/476 batches of size 1024
23:51:27 | Profiling 212/476 batches of size 1024
23:51:27 | Profiling 213/476 batches of size 1024
23:51:27 | Profiling 214/476 batches of size 1024
23:51:28 | Profiling 215/476 batches of size 1024
23:51:28 | Profiling 216/476 batches of size 1024
23:51:28 | Profiling 217/476 batches of size 1024
23:51:29 | Profiling 218/476 batches of size 1024
23:51:29 | Profiling 219/476 batches of size 1024
23:51:29 | Profiling 220/476 batches of size 1024
23:51:29 | Profiling 221/476 batches of size 1024
23:51:30 | Profiling 222/476 batches of size 1024
23:51:30 | Profiling 223/476 batches of size 1024
23:51:30 | Profiling 224/476 batches of size 1024
23:51:31 | Profiling 225/476 batches of size 1024
23:51:31 | Profiling 226/476 batches of size 1024
23:51:31 | Profiling 227/476 batches of size 1024
23:51:32 | Profiling 228/476 batches of size 1024
23:51:32 | Profiling 229/476 batches of size 1024
23:51:32 | Profiling 230/476 batches of size 1024
23:51:32 | Profiling 231/476 batches of size 1024
23:51:33 | Profiling 232/476 batches of size 1024
23:51:33 | Profiling 233/476 batches of size 1024
23:51:33 | Profiling 234/476 batches of size 1024
23:51:34 | Profiling 235/476 batches of size 1024
23:51:34 | Profiling 236/476 batches of size 1024
23:51:34 | Profiling 237/476 batches of size 1024
23:51:35 | Profiling 238/476 batches of size 1024
23:51:35 | Profiling 239/476 batches of size 1024
23:51:35 | Profiling 240/476 batches of size 1024
23:51:36 | Profiling 241/476 batches of size 1024
23:51:36 | Profiling 242/476 batches of size 1024
23:51:36 | Profiling 243/476 batches of size 1024
23:51:37 | Profiling 244/476 batches of size 1024
23:51:37 | Profiling 245/476 batches of size 1024
23:51:37 | Profiling 246/476 batches of size 1024
23:51:38 | Profiling 247/476 batches of size 1024
23:51:38 | Profiling 248/476 batches of size 1024
23:51:38 | Profiling 249/476 batches of size 1024
23:51:39 | Profiling 250/476 batches of size 1024
23:51:39 | Profiling 251/476 batches of size 1024
23:51:39 | Profiling 252/476 batches of size 1024
23:51:39 | Profiling 253/476 batches of size 1024
23:51:40 | Profiling 254/476 batches of size 1024
23:51:40 | Profiling 255/476 batches of size 1024
23:51:41 | Profiling 256/476 batches of size 1024
23:51:41 | Profiling 257/476 batches of size 1024
23:51:41 | Profiling 258/476 batches of size 1024
23:51:42 | Profiling 259/476 batches of size 1024
23:51:42 | Profiling 260/476 batches of size 1024
23:51:42 | Profiling 261/476 batches of size 1024
23:51:43 | Profiling 262/476 batches of size 1024
23:51:43 | Profiling 263/476 batches of size 1024
23:51:43 | Profiling 264/476 batches of size 1024
23:51:44 | Profiling 265/476 batches of size 1024
23:51:44 | Profiling 266/476 batches of size 1024
23:51:44 | Profiling 267/476 batches of size 1024
23:51:45 | Profiling 268/476 batches of size 1024
23:51:45 | Profiling 269/476 batches of size 1024
23:51:45 | Profiling 270/476 batches of size 1024
23:51:46 | Profiling 271/476 batches of size 1024
23:51:46 | Profiling 272/476 batches of size 1024
23:51:46 | Profiling 273/476 batches of size 1024
23:51:47 | Profiling 274/476 batches of size 1024
23:51:47 | Profiling 275/476 batches of size 1024
23:51:47 | Profiling 276/476 batches of size 1024
23:51:48 | Profiling 277/476 batches of size 1024
23:51:48 | Profiling 278/476 batches of size 1024
23:51:49 | Profiling 279/476 batches of size 1024
23:51:49 | Profiling 280/476 batches of size 1024
23:51:49 | Profiling 281/476 batches of size 1024
23:51:50 | Profiling 282/476 batches of size 1024
23:51:50 | Profiling 283/476 batches of size 1024
23:51:50 | Profiling 284/476 batches of size 1024
23:51:51 | Profiling 285/476 batches of size 1024
23:51:51 | Profiling 286/476 batches of size 1024
23:51:52 | Profiling 287/476 batches of size 1024
23:51:52 | Profiling 288/476 batches of size 1024
23:51:52 | Profiling 289/476 batches of size 1024
23:51:53 | Profiling 290/476 batches of size 1024
23:51:53 | Profiling 291/476 batches of size 1024
23:51:53 | Profiling 292/476 batches of size 1024
23:51:54 | Profiling 293/476 batches of size 1024
23:51:54 | Profiling 294/476 batches of size 1024
23:51:55 | Profiling 295/476 batches of size 1024
23:51:55 | Profiling 296/476 batches of size 1024
23:51:55 | Profiling 297/476 batches of size 1024
23:51:56 | Profiling 298/476 batches of size 1024
23:51:56 | Profiling 299/476 batches of size 1024
23:51:56 | Profiling 300/476 batches of size 1024
23:51:57 | Profiling 301/476 batches of size 1024
23:51:57 | Profiling 302/476 batches of size 1024
23:51:58 | Profiling 303/476 batches of size 1024
23:51:58 | Profiling 304/476 batches of size 1024
23:51:58 | Profiling 305/476 batches of size 1024
23:51:59 | Profiling 306/476 batches of size 1024
23:51:59 | Profiling 307/476 batches of size 1024
23:52:00 | Profiling 308/476 batches of size 1024
23:52:00 | Profiling 309/476 batches of size 1024
23:52:00 | Profiling 310/476 batches of size 1024
23:52:01 | Profiling 311/476 batches of size 1024
23:52:01 | Profiling 312/476 batches of size 1024
23:52:02 | Profiling 313/476 batches of size 1024
23:52:02 | Profiling 314/476 batches of size 1024
23:52:02 | Profiling 315/476 batches of size 1024
23:52:03 | Profiling 316/476 batches of size 1024
23:52:03 | Profiling 317/476 batches of size 1024
23:52:04 | Profiling 318/476 batches of size 1024
23:52:04 | Profiling 319/476 batches of size 1024
23:52:04 | Profiling 320/476 batches of size 1024
23:52:05 | Profiling 321/476 batches of size 1024
23:52:05 | Profiling 322/476 batches of size 1024
23:52:06 | Profiling 323/476 batches of size 1024
23:52:06 | Profiling 324/476 batches of size 1024
23:52:07 | Profiling 325/476 batches of size 1024
23:52:07 | Profiling 326/476 batches of size 1024
23:52:07 | Profiling 327/476 batches of size 1024
23:52:08 | Profiling 328/476 batches of size 1024
23:52:08 | Profiling 329/476 batches of size 1024
23:52:09 | Profiling 330/476 batches of size 1024
23:52:09 | Profiling 331/476 batches of size 1024
23:52:09 | Profiling 332/476 batches of size 1024
23:52:10 | Profiling 333/476 batches of size 1024
23:52:10 | Profiling 334/476 batches of size 1024
23:52:11 | Profiling 335/476 batches of size 1024
23:52:11 | Profiling 336/476 batches of size 1024
23:52:12 | Profiling 337/476 batches of size 1024
23:52:12 | Profiling 338/476 batches of size 1024
23:52:12 | Profiling 339/476 batches of size 1024
23:52:13 | Profiling 340/476 batches of size 1024
23:52:13 | Profiling 341/476 batches of size 1024
23:52:14 | Profiling 342/476 batches of size 1024
23:52:14 | Profiling 343/476 batches of size 1024
23:52:15 | Profiling 344/476 batches of size 1024
23:52:15 | Profiling 345/476 batches of size 1024
23:52:16 | Profiling 346/476 batches of size 1024
23:52:16 | Profiling 347/476 batches of size 1024
23:52:16 | Profiling 348/476 batches of size 1024
23:52:17 | Profiling 349/476 batches of size 1024
23:52:17 | Profiling 350/476 batches of size 1024
23:52:18 | Profiling 351/476 batches of size 1024
23:52:18 | Profiling 352/476 batches of size 1024
23:52:19 | Profiling 353/476 batches of size 1024
23:52:19 | Profiling 354/476 batches of size 1024
23:52:20 | Profiling 355/476 batches of size 1024
23:52:20 | Profiling 356/476 batches of size 1024
23:52:20 | Profiling 357/476 batches of size 1024
23:52:21 | Profiling 358/476 batches of size 1024
23:52:21 | Profiling 359/476 batches of size 1024
23:52:22 | Profiling 360/476 batches of size 1024
23:52:22 | Profiling 361/476 batches of size 1024
23:52:23 | Profiling 362/476 batches of size 1024
23:52:23 | Profiling 363/476 batches of size 1024
23:52:24 | Profiling 364/476 batches of size 1024
23:52:24 | Profiling 365/476 batches of size 1024
23:52:25 | Profiling 366/476 batches of size 1024
23:52:25 | Profiling 367/476 batches of size 1024
23:52:25 | Profiling 368/476 batches of size 1024
23:52:26 | Profiling 369/476 batches of size 1024
23:52:26 | Profiling 370/476 batches of size 1024
23:52:27 | Profiling 371/476 batches of size 1024
23:52:27 | Profiling 372/476 batches of size 1024
23:52:28 | Profiling 373/476 batches of size 1024
23:52:28 | Profiling 374/476 batches of size 1024
23:52:29 | Profiling 375/476 batches of size 1024
23:52:29 | Profiling 376/476 batches of size 1024
23:52:30 | Profiling 377/476 batches of size 1024
23:52:30 | Profiling 378/476 batches of size 1024
23:52:31 | Profiling 379/476 batches of size 1024
23:52:31 | Profiling 380/476 batches of size 1024
23:52:32 | Profiling 381/476 batches of size 1024
23:52:32 | Profiling 382/476 batches of size 1024
23:52:33 | Profiling 383/476 batches of size 1024
23:52:33 | Profiling 384/476 batches of size 1024
23:52:34 | Profiling 385/476 batches of size 1024
23:52:34 | Profiling 386/476 batches of size 1024
23:52:34 | Profiling 387/476 batches of size 1024
23:52:35 | Profiling 388/476 batches of size 1024
23:52:35 | Profiling 389/476 batches of size 1024
23:52:36 | Profiling 390/476 batches of size 1024
23:52:36 | Profiling 391/476 batches of size 1024
23:52:37 | Profiling 392/476 batches of size 1024
23:52:37 | Profiling 393/476 batches of size 1024
23:52:38 | Profiling 394/476 batches of size 1024
23:52:38 | Profiling 395/476 batches of size 1024
23:52:39 | Profiling 396/476 batches of size 1024
23:52:39 | Profiling 397/476 batches of size 1024
23:52:40 | Profiling 398/476 batches of size 1024
23:52:40 | Profiling 399/476 batches of size 1024
23:52:41 | Profiling 400/476 batches of size 1024
23:52:41 | Profiling 401/476 batches of size 1024
23:52:42 | Profiling 402/476 batches of size 1024
23:52:42 | Profiling 403/476 batches of size 1024
23:52:43 | Profiling 404/476 batches of size 1024
23:52:43 | Profiling 405/476 batches of size 1024
23:52:44 | Profiling 406/476 batches of size 1024
23:52:44 | Profiling 407/476 batches of size 1024
23:52:45 | Profiling 408/476 batches of size 1024
23:52:45 | Profiling 409/476 batches of size 1024
23:52:46 | Profiling 410/476 batches of size 1024
23:52:47 | Profiling 411/476 batches of size 1024
23:52:47 | Profiling 412/476 batches of size 1024
23:52:48 | Profiling 413/476 batches of size 1024
23:52:48 | Profiling 414/476 batches of size 1024
23:52:49 | Profiling 415/476 batches of size 1024
23:52:49 | Profiling 416/476 batches of size 1024
23:52:50 | Profiling 417/476 batches of size 1024
23:52:50 | Profiling 418/476 batches of size 1024
23:52:51 | Profiling 419/476 batches of size 1024
23:52:51 | Profiling 420/476 batches of size 1024
23:52:52 | Profiling 421/476 batches of size 1024
23:52:52 | Profiling 422/476 batches of size 1024
23:52:53 | Profiling 423/476 batches of size 1024
23:52:53 | Profiling 424/476 batches of size 1024
23:52:54 | Profiling 425/476 batches of size 1024
23:52:54 | Profiling 426/476 batches of size 1024
23:52:55 | Profiling 427/476 batches of size 1024
23:52:55 | Profiling 428/476 batches of size 1024
23:52:56 | Profiling 429/476 batches of size 1024
23:52:56 | Profiling 430/476 batches of size 1024
23:52:57 | Profiling 431/476 batches of size 1024
23:52:58 | Profiling 432/476 batches of size 1024
23:52:58 | Profiling 433/476 batches of size 1024
23:52:59 | Profiling 434/476 batches of size 1024
23:52:59 | Profiling 435/476 batches of size 1024
23:53:00 | Profiling 436/476 batches of size 1024
23:53:00 | Profiling 437/476 batches of size 1024
23:53:01 | Profiling 438/476 batches of size 1024
23:53:01 | Profiling 439/476 batches of size 1024
23:53:02 | Profiling 440/476 batches of size 1024
23:53:02 | Profiling 441/476 batches of size 1024
23:53:03 | Profiling 442/476 batches of size 1024
23:53:04 | Profiling 443/476 batches of size 1024
23:53:04 | Profiling 444/476 batches of size 1024
23:53:05 | Profiling 445/476 batches of size 1024
23:53:05 | Profiling 446/476 batches of size 1024
23:53:06 | Profiling 447/476 batches of size 1024
23:53:06 | Profiling 448/476 batches of size 1024
23:53:07 | Profiling 449/476 batches of size 1024
23:53:07 | Profiling 450/476 batches of size 1024
23:53:08 | Profiling 451/476 batches of size 1024
23:53:09 | Profiling 452/476 batches of size 1024
23:53:09 | Profiling 453/476 batches of size 1024
23:53:10 | Profiling 454/476 batches of size 1024
23:53:10 | Profiling 455/476 batches of size 1024
23:53:11 | Profiling 456/476 batches of size 1024
23:53:11 | Profiling 457/476 batches of size 1024
23:53:12 | Profiling 458/476 batches of size 1024
23:53:13 | Profiling 459/476 batches of size 1024
23:53:13 | Profiling 460/476 batches of size 1024
23:53:14 | Profiling 461/476 batches of size 1024
23:53:14 | Profiling 462/476 batches of size 1024
23:53:15 | Profiling 463/476 batches of size 1024
23:53:15 | Profiling 464/476 batches of size 1024
23:53:16 | Profiling 465/476 batches of size 1024
23:53:17 | Profiling 466/476 batches of size 1024
23:53:17 | Profiling 467/476 batches of size 1024
23:53:18 | Profiling 468/476 batches of size 1024
23:53:18 | Profiling 469/476 batches of size 1024
23:53:19 | Profiling 470/476 batches of size 1024
23:53:19 | Profiling 471/476 batches of size 1024
23:53:20 | Profiling 472/476 batches of size 1024
23:53:21 | Profiling 473/476 batches of size 1024
23:53:21 | Profiling 474/476 batches of size 1024
23:53:22 | Profiling 475/476 batches of size 1024
23:53:22 | Profiling 476/476 batches of size 972
23:53:22 | Done calculating latent space
23:53:22 | Plotting interpolations of reconstructions
23:53:23 | doing: ./dump/outputs_2023-01-02 - 19-35-10/interpolations/ALLN_100.0.png
23:53:33 | Plotting latent space heatmap
23:54:35 | Nearest neighbor classification (Not-Same-Compound)
23:54:40 | [[ 4.  0.  0.  0.  0.  0.  0.  1.  0.  0.  0.  0.  0.]
 [ 0. 12.  0.  0.  0.  0.  0.  0.  0.  0.  0.  0.  0.]
 [ 0.  0.  6.  0.  0.  0.  0.  0.  0.  0.  0.  0.  0.]
 [ 0.  0.  0.  0.  1.  0.  0.  0.  0.  0.  0.  0.  0.]
 [ 0.  0.  0.  1.  8.  0.  0.  0.  0.  0.  0.  0.  0.]
 [ 0.  0.  0.  0.  0.  5.  0.  0.  0.  0.  0.  3.  0.]
 [ 0.  0.  0.  0.  0.  0. 12.  0.  0.  0.  0.  0.  0.]
 [ 0.  0.  0.  0.  0.  0.  0.  8.  0.  0.  0.  0.  0.]
 [ 0.  0.  0.  0.  0.  0.  0.  0.  5.  0.  0.  0.  0.]
 [ 0.  0.  0.  0.  0.  0.  1.  0.  0. 11.  1.  1.  0.]
 [ 0.  0.  0.  0.  0.  0.  0.  0.  0.  0.  9.  0.  0.]
 [ 0.  0.  0.  0.  0.  1.  0.  0.  0.  0.  0.  6.  0.]
 [ 0.  0.  0.  0.  0.  0.  0.  0.  0.  0.  0.  0.  8.]]
23:54:41 | Model Accuracy: 90.38461538461539
23:54:41 | output_folder is: ./dump/outputs_2023-01-02 - 19-35-10/
23:54:41 | script done.
